The target system is: Buildroot - 1 - aarch64
The host system is: Linux - 5.15.0-139-generic - x86_64
Compiling the C compiler identification source file "CMakeCCompilerId.c" succeeded.
Compiler: /home/alientek/rk3568_linux5.10_sdk/buildroot/output/rockchip_atk_dlrk3568/host/bin/aarch64-buildroot-linux-gnu-gcc 
Build flags: -D_LARGEFILE_SOURCE;-D_LARGEFILE64_SOURCE;-D_FILE_OFFSET_BITS=64;-Os;-g0;-D_FORTIFY_SOURCE=1
Id flags:  

The output was:
0


Compilation of the C compiler identification source "CMakeCCompilerId.c" produced "a.out"

The C compiler identification is GNU, found in "/home/alientek/github/rkmpp/build/CMakeFiles/3.16.3/CompilerIdC/a.out"

Compiling the CXX compiler identification source file "CMakeCXXCompilerId.cpp" succeeded.
Compiler: /home/alientek/rk3568_linux5.10_sdk/buildroot/output/rockchip_atk_dlrk3568/host/bin/aarch64-buildroot-linux-gnu-g++ 
Build flags: -D_LARGEFILE_SOURCE;-D_LARGEFILE64_SOURCE;-D_FILE_OFFSET_BITS=64;-Os;-g0;-D_FORTIFY_SOURCE=1
Id flags:  

The output was:
0


Compilation of the CXX compiler identification source "CMakeCXXCompilerId.cpp" produced "a.out"

The CXX compiler identification is GNU, found in "/home/alientek/github/rkmpp/build/CMakeFiles/3.16.3/CompilerIdCXX/a.out"

Determining if the C compiler works passed with the following output:
Change Dir: /home/alientek/github/rkmpp/build/CMakeFiles/CMakeTmp

Run Build Command(s):/usr/bin/make cmTC_552c1/fast && /usr/bin/make -f CMakeFiles/cmTC_552c1.dir/build.make CMakeFiles/cmTC_552c1.dir/build
make[1]: 进入目录“/home/alientek/github/rkmpp/build/CMakeFiles/CMakeTmp”
Building C object CMakeFiles/cmTC_552c1.dir/testCCompiler.c.o
/home/alientek/rk3568_linux5.10_sdk/buildroot/output/rockchip_atk_dlrk3568/host/bin/aarch64-buildroot-linux-gnu-gcc --sysroot=/home/alientek/rk3568_linux5.10_sdk/buildroot/output/rockchip_atk_dlrk3568/host/aarch64-buildroot-linux-gnu/sysroot   -D_LARGEFILE_SOURCE -D_LARGEFILE64_SOURCE -D_FILE_OFFSET_BITS=64 -Os -g0 -D_FORTIFY_SOURCE=1   -DNDEBUG   -o CMakeFiles/cmTC_552c1.dir/testCCompiler.c.o   -c /home/alientek/github/rkmpp/build/CMakeFiles/CMakeTmp/testCCompiler.c
Linking C executable cmTC_552c1
/usr/bin/cmake -E cmake_link_script CMakeFiles/cmTC_552c1.dir/link.txt --verbose=1
/home/alientek/rk3568_linux5.10_sdk/buildroot/output/rockchip_atk_dlrk3568/host/bin/aarch64-buildroot-linux-gnu-gcc --sysroot=/home/alientek/rk3568_linux5.10_sdk/buildroot/output/rockchip_atk_dlrk3568/host/aarch64-buildroot-linux-gnu/sysroot -D_LARGEFILE_SOURCE -D_LARGEFILE64_SOURCE -D_FILE_OFFSET_BITS=64 -Os -g0 -D_FORTIFY_SOURCE=1   -DNDEBUG    CMakeFiles/cmTC_552c1.dir/testCCompiler.c.o  -o cmTC_552c1 
make[1]: 离开目录“/home/alientek/github/rkmpp/build/CMakeFiles/CMakeTmp”



Detecting C compiler ABI info compiled with the following output:
Change Dir: /home/alientek/github/rkmpp/build/CMakeFiles/CMakeTmp

Run Build Command(s):/usr/bin/make cmTC_0b131/fast && /usr/bin/make -f CMakeFiles/cmTC_0b131.dir/build.make CMakeFiles/cmTC_0b131.dir/build
make[1]: Entering directory '/home/alientek/github/rkmpp/build/CMakeFiles/CMakeTmp'
Building C object CMakeFiles/cmTC_0b131.dir/CMakeCCompilerABI.c.o
/home/alientek/rk3568_linux5.10_sdk/buildroot/output/rockchip_atk_dlrk3568/host/bin/aarch64-buildroot-linux-gnu-gcc --sysroot=/home/alientek/rk3568_linux5.10_sdk/buildroot/output/rockchip_atk_dlrk3568/host/aarch64-buildroot-linux-gnu/sysroot   -D_LARGEFILE_SOURCE -D_LARGEFILE64_SOURCE -D_FILE_OFFSET_BITS=64 -Os -g0 -D_FORTIFY_SOURCE=1   -DNDEBUG   -v -o CMakeFiles/cmTC_0b131.dir/CMakeCCompilerABI.c.o   -c /usr/share/cmake-3.16/Modules/CMakeCCompilerABI.c
Using built-in specs.
COLLECT_GCC=/home/alientek/rk3568_linux5.10_sdk/buildroot/output/rockchip_atk_dlrk3568/host/bin/aarch64-buildroot-linux-gnu-gcc.br_real
Target: aarch64-buildroot-linux-gnu
Configured with: ./configure --prefix=/home/alientek/rk3568_linux5.10_sdk/buildroot/output/rockchip_atk_dlrk3568/host --sysconfdir=/home/alientek/rk3568_linux5.10_sdk/buildroot/output/rockchip_atk_dlrk3568/host/etc --enable-static --target=aarch64-buildroot-linux-gnu --with-sysroot=/home/alientek/rk3568_linux5.10_sdk/buildroot/output/rockchip_atk_dlrk3568/host/aarch64-buildroot-linux-gnu/sysroot --enable-__cxa_atexit --with-gnu-ld --disable-libssp --disable-multilib --disable-decimal-float --enable-plugins --enable-lto --with-gmp=/home/alientek/rk3568_linux5.10_sdk/buildroot/output/rockchip_atk_dlrk3568/host --with-mpc=/home/alientek/rk3568_linux5.10_sdk/buildroot/output/rockchip_atk_dlrk3568/host --with-mpfr=/home/alientek/rk3568_linux5.10_sdk/buildroot/output/rockchip_atk_dlrk3568/host --with-pkgversion='Buildroot -g2a024528' --with-bugurl=http://bugs.buildroot.net/ --without-zstd --disable-libquadmath --disable-libquadmath-support --enable-tls --enable-threads --without-isl --without-cloog --with-abi=lp64 --with-cpu=cortex-a55 --enable-languages=c,c++ --with-build-time-tools=/home/alientek/rk3568_linux5.10_sdk/buildroot/output/rockchip_atk_dlrk3568/host/aarch64-buildroot-linux-gnu/bin --enable-shared --disable-libgomp
Thread model: posix
Supported LTO compression algorithms: zlib
gcc version 10.4.0 (Buildroot -g2a024528) 
COLLECT_GCC_OPTIONS='-fstack-protector-strong' '-fPIE' '-pie' '-D' '_LARGEFILE_SOURCE' '-D' '_LARGEFILE64_SOURCE' '-D' '_FILE_OFFSET_BITS=64' '-Os' '-g0' '-D' '_FORTIFY_SOURCE=1' '-D' 'NDEBUG' '-v' '-o' 'CMakeFiles/cmTC_0b131.dir/CMakeCCompilerABI.c.o' '-c' '-mcpu=cortex-a55' '-mlittle-endian' '-mabi=lp64'
 /home/alientek/rk3568_linux5.10_sdk/buildroot/output/rockchip_atk_dlrk3568/host/libexec/gcc/aarch64-buildroot-linux-gnu/10.4.0/cc1 -quiet -v -isysroot /home/alientek/rk3568_linux5.10_sdk/buildroot/output/rockchip_atk_dlrk3568/host/aarch64-buildroot-linux-gnu/sysroot -D _LARGEFILE_SOURCE -D _LARGEFILE64_SOURCE -D _FILE_OFFSET_BITS=64 -D _FORTIFY_SOURCE=1 -D NDEBUG /usr/share/cmake-3.16/Modules/CMakeCCompilerABI.c -quiet -dumpbase CMakeCCompilerABI.c -mcpu=cortex-a55 -mlittle-endian -mabi=lp64 -auxbase-strip CMakeFiles/cmTC_0b131.dir/CMakeCCompilerABI.c.o -g0 -Os -version -fstack-protector-strong -fPIE -o /tmp/ccppAFwo.s
GNU C17 (Buildroot -g2a024528) version 10.4.0 (aarch64-buildroot-linux-gnu)
	compiled by GNU C version 9.4.0, GMP version 6.2.1, MPFR version 4.1.0, MPC version 1.2.1, isl version none
GGC heuristics: --param ggc-min-expand=100 --param ggc-min-heapsize=131072
ignoring nonexistent directory "/home/alientek/rk3568_linux5.10_sdk/buildroot/output/rockchip_atk_dlrk3568/host/aarch64-buildroot-linux-gnu/sysroot/usr/local/include"
#include "..." search starts here:
#include <...> search starts here:
 /home/alientek/rk3568_linux5.10_sdk/buildroot/output/rockchip_atk_dlrk3568/host/lib/gcc/aarch64-buildroot-linux-gnu/10.4.0/include
 /home/alientek/rk3568_linux5.10_sdk/buildroot/output/rockchip_atk_dlrk3568/host/lib/gcc/aarch64-buildroot-linux-gnu/10.4.0/include-fixed
 /home/alientek/rk3568_linux5.10_sdk/buildroot/output/rockchip_atk_dlrk3568/host/lib/gcc/aarch64-buildroot-linux-gnu/10.4.0/../../../../aarch64-buildroot-linux-gnu/include
 /home/alientek/rk3568_linux5.10_sdk/buildroot/output/rockchip_atk_dlrk3568/host/aarch64-buildroot-linux-gnu/sysroot/usr/include
End of search list.
GNU C17 (Buildroot -g2a024528) version 10.4.0 (aarch64-buildroot-linux-gnu)
	compiled by GNU C version 9.4.0, GMP version 6.2.1, MPFR version 4.1.0, MPC version 1.2.1, isl version none
GGC heuristics: --param ggc-min-expand=100 --param ggc-min-heapsize=131072
Compiler executable checksum: 3f3540573dc8014e788348d84124a58d
COLLECT_GCC_OPTIONS='-fstack-protector-strong' '-fPIE' '-pie' '-D' '_LARGEFILE_SOURCE' '-D' '_LARGEFILE64_SOURCE' '-D' '_FILE_OFFSET_BITS=64' '-Os' '-g0' '-D' '_FORTIFY_SOURCE=1' '-D' 'NDEBUG' '-v' '-o' 'CMakeFiles/cmTC_0b131.dir/CMakeCCompilerABI.c.o' '-c' '-mcpu=cortex-a55' '-mlittle-endian' '-mabi=lp64'
 /home/alientek/rk3568_linux5.10_sdk/buildroot/output/rockchip_atk_dlrk3568/host/lib/gcc/aarch64-buildroot-linux-gnu/10.4.0/../../../../aarch64-buildroot-linux-gnu/bin/as -v -EL -march=armv8.2-a+fp16+rcpc+dotprod -mabi=lp64 -o CMakeFiles/cmTC_0b131.dir/CMakeCCompilerABI.c.o /tmp/ccppAFwo.s
GNU assembler version 2.40 (aarch64-buildroot-linux-gnu) using BFD version (GNU Binutils) 2.40
COMPILER_PATH=/home/alientek/rk3568_linux5.10_sdk/buildroot/output/rockchip_atk_dlrk3568/host/libexec/gcc/aarch64-buildroot-linux-gnu/10.4.0/:/home/alientek/rk3568_linux5.10_sdk/buildroot/output/rockchip_atk_dlrk3568/host/libexec/gcc/aarch64-buildroot-linux-gnu/10.4.0/:/home/alientek/rk3568_linux5.10_sdk/buildroot/output/rockchip_atk_dlrk3568/host/libexec/gcc/aarch64-buildroot-linux-gnu/:/home/alientek/rk3568_linux5.10_sdk/buildroot/output/rockchip_atk_dlrk3568/host/lib/gcc/aarch64-buildroot-linux-gnu/10.4.0/:/home/alientek/rk3568_linux5.10_sdk/buildroot/output/rockchip_atk_dlrk3568/host/lib/gcc/aarch64-buildroot-linux-gnu/:/home/alientek/rk3568_linux5.10_sdk/buildroot/output/rockchip_atk_dlrk3568/host/lib/gcc/aarch64-buildroot-linux-gnu/10.4.0/../../../../aarch64-buildroot-linux-gnu/bin/
LIBRARY_PATH=/home/alientek/rk3568_linux5.10_sdk/buildroot/output/rockchip_atk_dlrk3568/host/lib/gcc/aarch64-buildroot-linux-gnu/10.4.0/:/home/alientek/rk3568_linux5.10_sdk/buildroot/output/rockchip_atk_dlrk3568/host/lib/gcc/aarch64-buildroot-linux-gnu/10.4.0/../../../../aarch64-buildroot-linux-gnu/lib/../lib64/:/home/alientek/rk3568_linux5.10_sdk/buildroot/output/rockchip_atk_dlrk3568/host/aarch64-buildroot-linux-gnu/sysroot/lib/../lib64/:/home/alientek/rk3568_linux5.10_sdk/buildroot/output/rockchip_atk_dlrk3568/host/aarch64-buildroot-linux-gnu/sysroot/usr/lib/../lib64/:/home/alientek/rk3568_linux5.10_sdk/buildroot/output/rockchip_atk_dlrk3568/host/lib/gcc/aarch64-buildroot-linux-gnu/10.4.0/../../../../aarch64-buildroot-linux-gnu/lib/:/home/alientek/rk3568_linux5.10_sdk/buildroot/output/rockchip_atk_dlrk3568/host/aarch64-buildroot-linux-gnu/sysroot/lib/:/home/alientek/rk3568_linux5.10_sdk/buildroot/output/rockchip_atk_dlrk3568/host/aarch64-buildroot-linux-gnu/sysroot/usr/lib/
COLLECT_GCC_OPTIONS='-fstack-protector-strong' '-fPIE' '-pie' '-D' '_LARGEFILE_SOURCE' '-D' '_LARGEFILE64_SOURCE' '-D' '_FILE_OFFSET_BITS=64' '-Os' '-g0' '-D' '_FORTIFY_SOURCE=1' '-D' 'NDEBUG' '-v' '-o' 'CMakeFiles/cmTC_0b131.dir/CMakeCCompilerABI.c.o' '-c' '-mcpu=cortex-a55' '-mlittle-endian' '-mabi=lp64'
Linking C executable cmTC_0b131
/usr/bin/cmake -E cmake_link_script CMakeFiles/cmTC_0b131.dir/link.txt --verbose=1
/home/alientek/rk3568_linux5.10_sdk/buildroot/output/rockchip_atk_dlrk3568/host/bin/aarch64-buildroot-linux-gnu-gcc --sysroot=/home/alientek/rk3568_linux5.10_sdk/buildroot/output/rockchip_atk_dlrk3568/host/aarch64-buildroot-linux-gnu/sysroot -D_LARGEFILE_SOURCE -D_LARGEFILE64_SOURCE -D_FILE_OFFSET_BITS=64 -Os -g0 -D_FORTIFY_SOURCE=1   -DNDEBUG   -v CMakeFiles/cmTC_0b131.dir/CMakeCCompilerABI.c.o  -o cmTC_0b131 
Using built-in specs.
COLLECT_GCC=/home/alientek/rk3568_linux5.10_sdk/buildroot/output/rockchip_atk_dlrk3568/host/bin/aarch64-buildroot-linux-gnu-gcc.br_real
COLLECT_LTO_WRAPPER=/home/alientek/rk3568_linux5.10_sdk/buildroot/output/rockchip_atk_dlrk3568/host/libexec/gcc/aarch64-buildroot-linux-gnu/10.4.0/lto-wrapper
Target: aarch64-buildroot-linux-gnu
Configured with: ./configure --prefix=/home/alientek/rk3568_linux5.10_sdk/buildroot/output/rockchip_atk_dlrk3568/host --sysconfdir=/home/alientek/rk3568_linux5.10_sdk/buildroot/output/rockchip_atk_dlrk3568/host/etc --enable-static --target=aarch64-buildroot-linux-gnu --with-sysroot=/home/alientek/rk3568_linux5.10_sdk/buildroot/output/rockchip_atk_dlrk3568/host/aarch64-buildroot-linux-gnu/sysroot --enable-__cxa_atexit --with-gnu-ld --disable-libssp --disable-multilib --disable-decimal-float --enable-plugins --enable-lto --with-gmp=/home/alientek/rk3568_linux5.10_sdk/buildroot/output/rockchip_atk_dlrk3568/host --with-mpc=/home/alientek/rk3568_linux5.10_sdk/buildroot/output/rockchip_atk_dlrk3568/host --with-mpfr=/home/alientek/rk3568_linux5.10_sdk/buildroot/output/rockchip_atk_dlrk3568/host --with-pkgversion='Buildroot -g2a024528' --with-bugurl=http://bugs.buildroot.net/ --without-zstd --disable-libquadmath --disable-libquadmath-support --enable-tls --enable-threads --without-isl --without-cloog --with-abi=lp64 --with-cpu=cortex-a55 --enable-languages=c,c++ --with-build-time-tools=/home/alientek/rk3568_linux5.10_sdk/buildroot/output/rockchip_atk_dlrk3568/host/aarch64-buildroot-linux-gnu/bin --enable-shared --disable-libgomp
Thread model: posix
Supported LTO compression algorithms: zlib
gcc version 10.4.0 (Buildroot -g2a024528) 
COMPILER_PATH=/home/alientek/rk3568_linux5.10_sdk/buildroot/output/rockchip_atk_dlrk3568/host/libexec/gcc/aarch64-buildroot-linux-gnu/10.4.0/:/home/alientek/rk3568_linux5.10_sdk/buildroot/output/rockchip_atk_dlrk3568/host/libexec/gcc/aarch64-buildroot-linux-gnu/10.4.0/:/home/alientek/rk3568_linux5.10_sdk/buildroot/output/rockchip_atk_dlrk3568/host/libexec/gcc/aarch64-buildroot-linux-gnu/:/home/alientek/rk3568_linux5.10_sdk/buildroot/output/rockchip_atk_dlrk3568/host/lib/gcc/aarch64-buildroot-linux-gnu/10.4.0/:/home/alientek/rk3568_linux5.10_sdk/buildroot/output/rockchip_atk_dlrk3568/host/lib/gcc/aarch64-buildroot-linux-gnu/:/home/alientek/rk3568_linux5.10_sdk/buildroot/output/rockchip_atk_dlrk3568/host/lib/gcc/aarch64-buildroot-linux-gnu/10.4.0/../../../../aarch64-buildroot-linux-gnu/bin/
LIBRARY_PATH=/home/alientek/rk3568_linux5.10_sdk/buildroot/output/rockchip_atk_dlrk3568/host/lib/gcc/aarch64-buildroot-linux-gnu/10.4.0/:/home/alientek/rk3568_linux5.10_sdk/buildroot/output/rockchip_atk_dlrk3568/host/lib/gcc/aarch64-buildroot-linux-gnu/10.4.0/../../../../aarch64-buildroot-linux-gnu/lib/../lib64/:/home/alientek/rk3568_linux5.10_sdk/buildroot/output/rockchip_atk_dlrk3568/host/aarch64-buildroot-linux-gnu/sysroot/lib/../lib64/:/home/alientek/rk3568_linux5.10_sdk/buildroot/output/rockchip_atk_dlrk3568/host/aarch64-buildroot-linux-gnu/sysroot/usr/lib/../lib64/:/home/alientek/rk3568_linux5.10_sdk/buildroot/output/rockchip_atk_dlrk3568/host/lib/gcc/aarch64-buildroot-linux-gnu/10.4.0/../../../../aarch64-buildroot-linux-gnu/lib/:/home/alientek/rk3568_linux5.10_sdk/buildroot/output/rockchip_atk_dlrk3568/host/aarch64-buildroot-linux-gnu/sysroot/lib/:/home/alientek/rk3568_linux5.10_sdk/buildroot/output/rockchip_atk_dlrk3568/host/aarch64-buildroot-linux-gnu/sysroot/usr/lib/
COLLECT_GCC_OPTIONS='-fstack-protector-strong' '-fPIE' '-pie' '-D' '_LARGEFILE_SOURCE' '-D' '_LARGEFILE64_SOURCE' '-D' '_FILE_OFFSET_BITS=64' '-Os' '-g0' '-D' '_FORTIFY_SOURCE=1' '-D' 'NDEBUG' '-v' '-o' 'cmTC_0b131' '-mcpu=cortex-a55' '-mlittle-endian' '-mabi=lp64'
 /home/alientek/rk3568_linux5.10_sdk/buildroot/output/rockchip_atk_dlrk3568/host/libexec/gcc/aarch64-buildroot-linux-gnu/10.4.0/collect2 -plugin /home/alientek/rk3568_linux5.10_sdk/buildroot/output/rockchip_atk_dlrk3568/host/libexec/gcc/aarch64-buildroot-linux-gnu/10.4.0/liblto_plugin.so -plugin-opt=/home/alientek/rk3568_linux5.10_sdk/buildroot/output/rockchip_atk_dlrk3568/host/libexec/gcc/aarch64-buildroot-linux-gnu/10.4.0/lto-wrapper -plugin-opt=-fresolution=/tmp/cc1jbIpQ.res -plugin-opt=-pass-through=-lgcc -plugin-opt=-pass-through=-lgcc_s -plugin-opt=-pass-through=-lc -plugin-opt=-pass-through=-lgcc -plugin-opt=-pass-through=-lgcc_s --sysroot=/home/alientek/rk3568_linux5.10_sdk/buildroot/output/rockchip_atk_dlrk3568/host/aarch64-buildroot-linux-gnu/sysroot --eh-frame-hdr -dynamic-linker /lib/ld-linux-aarch64.so.1 -X -EL -maarch64linux -pie -o cmTC_0b131 /home/alientek/rk3568_linux5.10_sdk/buildroot/output/rockchip_atk_dlrk3568/host/aarch64-buildroot-linux-gnu/sysroot/lib/../lib64/Scrt1.o /home/alientek/rk3568_linux5.10_sdk/buildroot/output/rockchip_atk_dlrk3568/host/aarch64-buildroot-linux-gnu/sysroot/lib/../lib64/crti.o /home/alientek/rk3568_linux5.10_sdk/buildroot/output/rockchip_atk_dlrk3568/host/lib/gcc/aarch64-buildroot-linux-gnu/10.4.0/crtbeginS.o -L/home/alientek/rk3568_linux5.10_sdk/buildroot/output/rockchip_atk_dlrk3568/host/lib/gcc/aarch64-buildroot-linux-gnu/10.4.0 -L/home/alientek/rk3568_linux5.10_sdk/buildroot/output/rockchip_atk_dlrk3568/host/lib/gcc/aarch64-buildroot-linux-gnu/10.4.0/../../../../aarch64-buildroot-linux-gnu/lib/../lib64 -L/home/alientek/rk3568_linux5.10_sdk/buildroot/output/rockchip_atk_dlrk3568/host/aarch64-buildroot-linux-gnu/sysroot/lib/../lib64 -L/home/alientek/rk3568_linux5.10_sdk/buildroot/output/rockchip_atk_dlrk3568/host/aarch64-buildroot-linux-gnu/sysroot/usr/lib/../lib64 -L/home/alientek/rk3568_linux5.10_sdk/buildroot/output/rockchip_atk_dlrk3568/host/lib/gcc/aarch64-buildroot-linux-gnu/10.4.0/../../../../aarch64-buildroot-linux-gnu/lib -L/home/alientek/rk3568_linux5.10_sdk/buildroot/output/rockchip_atk_dlrk3568/host/aarch64-buildroot-linux-gnu/sysroot/lib -L/home/alientek/rk3568_linux5.10_sdk/buildroot/output/rockchip_atk_dlrk3568/host/aarch64-buildroot-linux-gnu/sysroot/usr/lib -z max-page-size=4096 -z common-page-size=4096 -z now -z relro CMakeFiles/cmTC_0b131.dir/CMakeCCompilerABI.c.o -lgcc --push-state --as-needed -lgcc_s --pop-state -lc -lgcc --push-state --as-needed -lgcc_s --pop-state /home/alientek/rk3568_linux5.10_sdk/buildroot/output/rockchip_atk_dlrk3568/host/lib/gcc/aarch64-buildroot-linux-gnu/10.4.0/crtendS.o /home/alientek/rk3568_linux5.10_sdk/buildroot/output/rockchip_atk_dlrk3568/host/aarch64-buildroot-linux-gnu/sysroot/lib/../lib64/crtn.o
COLLECT_GCC_OPTIONS='-fstack-protector-strong' '-fPIE' '-pie' '-D' '_LARGEFILE_SOURCE' '-D' '_LARGEFILE64_SOURCE' '-D' '_FILE_OFFSET_BITS=64' '-Os' '-g0' '-D' '_FORTIFY_SOURCE=1' '-D' 'NDEBUG' '-v' '-o' 'cmTC_0b131' '-mcpu=cortex-a55' '-mlittle-endian' '-mabi=lp64'
make[1]: Leaving directory '/home/alientek/github/rkmpp/build/CMakeFiles/CMakeTmp'



Parsed C implicit include dir info from above output: rv=done
  found start of include info
  found start of implicit include info
    add: [/home/alientek/rk3568_linux5.10_sdk/buildroot/output/rockchip_atk_dlrk3568/host/lib/gcc/aarch64-buildroot-linux-gnu/10.4.0/include]
    add: [/home/alientek/rk3568_linux5.10_sdk/buildroot/output/rockchip_atk_dlrk3568/host/lib/gcc/aarch64-buildroot-linux-gnu/10.4.0/include-fixed]
    add: [/home/alientek/rk3568_linux5.10_sdk/buildroot/output/rockchip_atk_dlrk3568/host/lib/gcc/aarch64-buildroot-linux-gnu/10.4.0/../../../../aarch64-buildroot-linux-gnu/include]
    add: [/home/alientek/rk3568_linux5.10_sdk/buildroot/output/rockchip_atk_dlrk3568/host/aarch64-buildroot-linux-gnu/sysroot/usr/include]
  end of search list found
  collapse include dir [/home/alientek/rk3568_linux5.10_sdk/buildroot/output/rockchip_atk_dlrk3568/host/lib/gcc/aarch64-buildroot-linux-gnu/10.4.0/include] ==> [/home/alientek/rk3568_linux5.10_sdk/buildroot/output/rockchip_atk_dlrk3568/host/lib/gcc/aarch64-buildroot-linux-gnu/10.4.0/include]
  collapse include dir [/home/alientek/rk3568_linux5.10_sdk/buildroot/output/rockchip_atk_dlrk3568/host/lib/gcc/aarch64-buildroot-linux-gnu/10.4.0/include-fixed] ==> [/home/alientek/rk3568_linux5.10_sdk/buildroot/output/rockchip_atk_dlrk3568/host/lib/gcc/aarch64-buildroot-linux-gnu/10.4.0/include-fixed]
  collapse include dir [/home/alientek/rk3568_linux5.10_sdk/buildroot/output/rockchip_atk_dlrk3568/host/lib/gcc/aarch64-buildroot-linux-gnu/10.4.0/../../../../aarch64-buildroot-linux-gnu/include] ==> [/home/alientek/rk3568_linux5.10_sdk/buildroot/output/rockchip_atk_dlrk3568/host/aarch64-buildroot-linux-gnu/include]
  collapse include dir [/home/alientek/rk3568_linux5.10_sdk/buildroot/output/rockchip_atk_dlrk3568/host/aarch64-buildroot-linux-gnu/sysroot/usr/include] ==> [/home/alientek/rk3568_linux5.10_sdk/buildroot/output/rockchip_atk_dlrk3568/host/aarch64-buildroot-linux-gnu/sysroot/usr/include]
  implicit include dirs: [/home/alientek/rk3568_linux5.10_sdk/buildroot/output/rockchip_atk_dlrk3568/host/lib/gcc/aarch64-buildroot-linux-gnu/10.4.0/include;/home/alientek/rk3568_linux5.10_sdk/buildroot/output/rockchip_atk_dlrk3568/host/lib/gcc/aarch64-buildroot-linux-gnu/10.4.0/include-fixed;/home/alientek/rk3568_linux5.10_sdk/buildroot/output/rockchip_atk_dlrk3568/host/aarch64-buildroot-linux-gnu/include;/home/alientek/rk3568_linux5.10_sdk/buildroot/output/rockchip_atk_dlrk3568/host/aarch64-buildroot-linux-gnu/sysroot/usr/include]


Parsed C implicit link information from above output:
  link line regex: [^( *|.*[/\])(aarch64-buildroot-linux-gnu-ld|CMAKE_LINK_STARTFILE-NOTFOUND|([^/\]+-)?ld|collect2)[^/\]*( |$)]
  ignore line: [Change Dir: /home/alientek/github/rkmpp/build/CMakeFiles/CMakeTmp]
  ignore line: []
  ignore line: [Run Build Command(s):/usr/bin/make cmTC_0b131/fast && /usr/bin/make -f CMakeFiles/cmTC_0b131.dir/build.make CMakeFiles/cmTC_0b131.dir/build]
  ignore line: [make[1]: Entering directory '/home/alientek/github/rkmpp/build/CMakeFiles/CMakeTmp']
  ignore line: [Building C object CMakeFiles/cmTC_0b131.dir/CMakeCCompilerABI.c.o]
  ignore line: [/home/alientek/rk3568_linux5.10_sdk/buildroot/output/rockchip_atk_dlrk3568/host/bin/aarch64-buildroot-linux-gnu-gcc --sysroot=/home/alientek/rk3568_linux5.10_sdk/buildroot/output/rockchip_atk_dlrk3568/host/aarch64-buildroot-linux-gnu/sysroot   -D_LARGEFILE_SOURCE -D_LARGEFILE64_SOURCE -D_FILE_OFFSET_BITS=64 -Os -g0 -D_FORTIFY_SOURCE=1   -DNDEBUG   -v -o CMakeFiles/cmTC_0b131.dir/CMakeCCompilerABI.c.o   -c /usr/share/cmake-3.16/Modules/CMakeCCompilerABI.c]
  ignore line: [Using built-in specs.]
  ignore line: [COLLECT_GCC=/home/alientek/rk3568_linux5.10_sdk/buildroot/output/rockchip_atk_dlrk3568/host/bin/aarch64-buildroot-linux-gnu-gcc.br_real]
  ignore line: [Target: aarch64-buildroot-linux-gnu]
  ignore line: [Configured with: ./configure --prefix=/home/alientek/rk3568_linux5.10_sdk/buildroot/output/rockchip_atk_dlrk3568/host --sysconfdir=/home/alientek/rk3568_linux5.10_sdk/buildroot/output/rockchip_atk_dlrk3568/host/etc --enable-static --target=aarch64-buildroot-linux-gnu --with-sysroot=/home/alientek/rk3568_linux5.10_sdk/buildroot/output/rockchip_atk_dlrk3568/host/aarch64-buildroot-linux-gnu/sysroot --enable-__cxa_atexit --with-gnu-ld --disable-libssp --disable-multilib --disable-decimal-float --enable-plugins --enable-lto --with-gmp=/home/alientek/rk3568_linux5.10_sdk/buildroot/output/rockchip_atk_dlrk3568/host --with-mpc=/home/alientek/rk3568_linux5.10_sdk/buildroot/output/rockchip_atk_dlrk3568/host --with-mpfr=/home/alientek/rk3568_linux5.10_sdk/buildroot/output/rockchip_atk_dlrk3568/host --with-pkgversion='Buildroot -g2a024528' --with-bugurl=http://bugs.buildroot.net/ --without-zstd --disable-libquadmath --disable-libquadmath-support --enable-tls --enable-threads --without-isl --without-cloog --with-abi=lp64 --with-cpu=cortex-a55 --enable-languages=c,c++ --with-build-time-tools=/home/alientek/rk3568_linux5.10_sdk/buildroot/output/rockchip_atk_dlrk3568/host/aarch64-buildroot-linux-gnu/bin --enable-shared --disable-libgomp]
  ignore line: [Thread model: posix]
  ignore line: [Supported LTO compression algorithms: zlib]
  ignore line: [gcc version 10.4.0 (Buildroot -g2a024528) ]
  ignore line: [COLLECT_GCC_OPTIONS='-fstack-protector-strong' '-fPIE' '-pie' '-D' '_LARGEFILE_SOURCE' '-D' '_LARGEFILE64_SOURCE' '-D' '_FILE_OFFSET_BITS=64' '-Os' '-g0' '-D' '_FORTIFY_SOURCE=1' '-D' 'NDEBUG' '-v' '-o' 'CMakeFiles/cmTC_0b131.dir/CMakeCCompilerABI.c.o' '-c' '-mcpu=cortex-a55' '-mlittle-endian' '-mabi=lp64']
  ignore line: [ /home/alientek/rk3568_linux5.10_sdk/buildroot/output/rockchip_atk_dlrk3568/host/libexec/gcc/aarch64-buildroot-linux-gnu/10.4.0/cc1 -quiet -v -isysroot /home/alientek/rk3568_linux5.10_sdk/buildroot/output/rockchip_atk_dlrk3568/host/aarch64-buildroot-linux-gnu/sysroot -D _LARGEFILE_SOURCE -D _LARGEFILE64_SOURCE -D _FILE_OFFSET_BITS=64 -D _FORTIFY_SOURCE=1 -D NDEBUG /usr/share/cmake-3.16/Modules/CMakeCCompilerABI.c -quiet -dumpbase CMakeCCompilerABI.c -mcpu=cortex-a55 -mlittle-endian -mabi=lp64 -auxbase-strip CMakeFiles/cmTC_0b131.dir/CMakeCCompilerABI.c.o -g0 -Os -version -fstack-protector-strong -fPIE -o /tmp/ccppAFwo.s]
  ignore line: [GNU C17 (Buildroot -g2a024528) version 10.4.0 (aarch64-buildroot-linux-gnu)]
  ignore line: [	compiled by GNU C version 9.4.0  GMP version 6.2.1  MPFR version 4.1.0  MPC version 1.2.1  isl version none]
  ignore line: [GGC heuristics: --param ggc-min-expand=100 --param ggc-min-heapsize=131072]
  ignore line: [ignoring nonexistent directory "/home/alientek/rk3568_linux5.10_sdk/buildroot/output/rockchip_atk_dlrk3568/host/aarch64-buildroot-linux-gnu/sysroot/usr/local/include"]
  ignore line: [#include "..." search starts here:]
  ignore line: [#include <...> search starts here:]
  ignore line: [ /home/alientek/rk3568_linux5.10_sdk/buildroot/output/rockchip_atk_dlrk3568/host/lib/gcc/aarch64-buildroot-linux-gnu/10.4.0/include]
  ignore line: [ /home/alientek/rk3568_linux5.10_sdk/buildroot/output/rockchip_atk_dlrk3568/host/lib/gcc/aarch64-buildroot-linux-gnu/10.4.0/include-fixed]
  ignore line: [ /home/alientek/rk3568_linux5.10_sdk/buildroot/output/rockchip_atk_dlrk3568/host/lib/gcc/aarch64-buildroot-linux-gnu/10.4.0/../../../../aarch64-buildroot-linux-gnu/include]
  ignore line: [ /home/alientek/rk3568_linux5.10_sdk/buildroot/output/rockchip_atk_dlrk3568/host/aarch64-buildroot-linux-gnu/sysroot/usr/include]
  ignore line: [End of search list.]
  ignore line: [GNU C17 (Buildroot -g2a024528) version 10.4.0 (aarch64-buildroot-linux-gnu)]
  ignore line: [	compiled by GNU C version 9.4.0  GMP version 6.2.1  MPFR version 4.1.0  MPC version 1.2.1  isl version none]
  ignore line: [GGC heuristics: --param ggc-min-expand=100 --param ggc-min-heapsize=131072]
  ignore line: [Compiler executable checksum: 3f3540573dc8014e788348d84124a58d]
  ignore line: [COLLECT_GCC_OPTIONS='-fstack-protector-strong' '-fPIE' '-pie' '-D' '_LARGEFILE_SOURCE' '-D' '_LARGEFILE64_SOURCE' '-D' '_FILE_OFFSET_BITS=64' '-Os' '-g0' '-D' '_FORTIFY_SOURCE=1' '-D' 'NDEBUG' '-v' '-o' 'CMakeFiles/cmTC_0b131.dir/CMakeCCompilerABI.c.o' '-c' '-mcpu=cortex-a55' '-mlittle-endian' '-mabi=lp64']
  ignore line: [ /home/alientek/rk3568_linux5.10_sdk/buildroot/output/rockchip_atk_dlrk3568/host/lib/gcc/aarch64-buildroot-linux-gnu/10.4.0/../../../../aarch64-buildroot-linux-gnu/bin/as -v -EL -march=armv8.2-a+fp16+rcpc+dotprod -mabi=lp64 -o CMakeFiles/cmTC_0b131.dir/CMakeCCompilerABI.c.o /tmp/ccppAFwo.s]
  ignore line: [GNU assembler version 2.40 (aarch64-buildroot-linux-gnu) using BFD version (GNU Binutils) 2.40]
  ignore line: [COMPILER_PATH=/home/alientek/rk3568_linux5.10_sdk/buildroot/output/rockchip_atk_dlrk3568/host/libexec/gcc/aarch64-buildroot-linux-gnu/10.4.0/:/home/alientek/rk3568_linux5.10_sdk/buildroot/output/rockchip_atk_dlrk3568/host/libexec/gcc/aarch64-buildroot-linux-gnu/10.4.0/:/home/alientek/rk3568_linux5.10_sdk/buildroot/output/rockchip_atk_dlrk3568/host/libexec/gcc/aarch64-buildroot-linux-gnu/:/home/alientek/rk3568_linux5.10_sdk/buildroot/output/rockchip_atk_dlrk3568/host/lib/gcc/aarch64-buildroot-linux-gnu/10.4.0/:/home/alientek/rk3568_linux5.10_sdk/buildroot/output/rockchip_atk_dlrk3568/host/lib/gcc/aarch64-buildroot-linux-gnu/:/home/alientek/rk3568_linux5.10_sdk/buildroot/output/rockchip_atk_dlrk3568/host/lib/gcc/aarch64-buildroot-linux-gnu/10.4.0/../../../../aarch64-buildroot-linux-gnu/bin/]
  ignore line: [LIBRARY_PATH=/home/alientek/rk3568_linux5.10_sdk/buildroot/output/rockchip_atk_dlrk3568/host/lib/gcc/aarch64-buildroot-linux-gnu/10.4.0/:/home/alientek/rk3568_linux5.10_sdk/buildroot/output/rockchip_atk_dlrk3568/host/lib/gcc/aarch64-buildroot-linux-gnu/10.4.0/../../../../aarch64-buildroot-linux-gnu/lib/../lib64/:/home/alientek/rk3568_linux5.10_sdk/buildroot/output/rockchip_atk_dlrk3568/host/aarch64-buildroot-linux-gnu/sysroot/lib/../lib64/:/home/alientek/rk3568_linux5.10_sdk/buildroot/output/rockchip_atk_dlrk3568/host/aarch64-buildroot-linux-gnu/sysroot/usr/lib/../lib64/:/home/alientek/rk3568_linux5.10_sdk/buildroot/output/rockchip_atk_dlrk3568/host/lib/gcc/aarch64-buildroot-linux-gnu/10.4.0/../../../../aarch64-buildroot-linux-gnu/lib/:/home/alientek/rk3568_linux5.10_sdk/buildroot/output/rockchip_atk_dlrk3568/host/aarch64-buildroot-linux-gnu/sysroot/lib/:/home/alientek/rk3568_linux5.10_sdk/buildroot/output/rockchip_atk_dlrk3568/host/aarch64-buildroot-linux-gnu/sysroot/usr/lib/]
  ignore line: [COLLECT_GCC_OPTIONS='-fstack-protector-strong' '-fPIE' '-pie' '-D' '_LARGEFILE_SOURCE' '-D' '_LARGEFILE64_SOURCE' '-D' '_FILE_OFFSET_BITS=64' '-Os' '-g0' '-D' '_FORTIFY_SOURCE=1' '-D' 'NDEBUG' '-v' '-o' 'CMakeFiles/cmTC_0b131.dir/CMakeCCompilerABI.c.o' '-c' '-mcpu=cortex-a55' '-mlittle-endian' '-mabi=lp64']
  ignore line: [Linking C executable cmTC_0b131]
  ignore line: [/usr/bin/cmake -E cmake_link_script CMakeFiles/cmTC_0b131.dir/link.txt --verbose=1]
  ignore line: [/home/alientek/rk3568_linux5.10_sdk/buildroot/output/rockchip_atk_dlrk3568/host/bin/aarch64-buildroot-linux-gnu-gcc --sysroot=/home/alientek/rk3568_linux5.10_sdk/buildroot/output/rockchip_atk_dlrk3568/host/aarch64-buildroot-linux-gnu/sysroot -D_LARGEFILE_SOURCE -D_LARGEFILE64_SOURCE -D_FILE_OFFSET_BITS=64 -Os -g0 -D_FORTIFY_SOURCE=1   -DNDEBUG   -v CMakeFiles/cmTC_0b131.dir/CMakeCCompilerABI.c.o  -o cmTC_0b131 ]
  ignore line: [Using built-in specs.]
  ignore line: [COLLECT_GCC=/home/alientek/rk3568_linux5.10_sdk/buildroot/output/rockchip_atk_dlrk3568/host/bin/aarch64-buildroot-linux-gnu-gcc.br_real]
  ignore line: [COLLECT_LTO_WRAPPER=/home/alientek/rk3568_linux5.10_sdk/buildroot/output/rockchip_atk_dlrk3568/host/libexec/gcc/aarch64-buildroot-linux-gnu/10.4.0/lto-wrapper]
  ignore line: [Target: aarch64-buildroot-linux-gnu]
  ignore line: [Configured with: ./configure --prefix=/home/alientek/rk3568_linux5.10_sdk/buildroot/output/rockchip_atk_dlrk3568/host --sysconfdir=/home/alientek/rk3568_linux5.10_sdk/buildroot/output/rockchip_atk_dlrk3568/host/etc --enable-static --target=aarch64-buildroot-linux-gnu --with-sysroot=/home/alientek/rk3568_linux5.10_sdk/buildroot/output/rockchip_atk_dlrk3568/host/aarch64-buildroot-linux-gnu/sysroot --enable-__cxa_atexit --with-gnu-ld --disable-libssp --disable-multilib --disable-decimal-float --enable-plugins --enable-lto --with-gmp=/home/alientek/rk3568_linux5.10_sdk/buildroot/output/rockchip_atk_dlrk3568/host --with-mpc=/home/alientek/rk3568_linux5.10_sdk/buildroot/output/rockchip_atk_dlrk3568/host --with-mpfr=/home/alientek/rk3568_linux5.10_sdk/buildroot/output/rockchip_atk_dlrk3568/host --with-pkgversion='Buildroot -g2a024528' --with-bugurl=http://bugs.buildroot.net/ --without-zstd --disable-libquadmath --disable-libquadmath-support --enable-tls --enable-threads --without-isl --without-cloog --with-abi=lp64 --with-cpu=cortex-a55 --enable-languages=c,c++ --with-build-time-tools=/home/alientek/rk3568_linux5.10_sdk/buildroot/output/rockchip_atk_dlrk3568/host/aarch64-buildroot-linux-gnu/bin --enable-shared --disable-libgomp]
  ignore line: [Thread model: posix]
  ignore line: [Supported LTO compression algorithms: zlib]
  ignore line: [gcc version 10.4.0 (Buildroot -g2a024528) ]
  ignore line: [COMPILER_PATH=/home/alientek/rk3568_linux5.10_sdk/buildroot/output/rockchip_atk_dlrk3568/host/libexec/gcc/aarch64-buildroot-linux-gnu/10.4.0/:/home/alientek/rk3568_linux5.10_sdk/buildroot/output/rockchip_atk_dlrk3568/host/libexec/gcc/aarch64-buildroot-linux-gnu/10.4.0/:/home/alientek/rk3568_linux5.10_sdk/buildroot/output/rockchip_atk_dlrk3568/host/libexec/gcc/aarch64-buildroot-linux-gnu/:/home/alientek/rk3568_linux5.10_sdk/buildroot/output/rockchip_atk_dlrk3568/host/lib/gcc/aarch64-buildroot-linux-gnu/10.4.0/:/home/alientek/rk3568_linux5.10_sdk/buildroot/output/rockchip_atk_dlrk3568/host/lib/gcc/aarch64-buildroot-linux-gnu/:/home/alientek/rk3568_linux5.10_sdk/buildroot/output/rockchip_atk_dlrk3568/host/lib/gcc/aarch64-buildroot-linux-gnu/10.4.0/../../../../aarch64-buildroot-linux-gnu/bin/]
  ignore line: [LIBRARY_PATH=/home/alientek/rk3568_linux5.10_sdk/buildroot/output/rockchip_atk_dlrk3568/host/lib/gcc/aarch64-buildroot-linux-gnu/10.4.0/:/home/alientek/rk3568_linux5.10_sdk/buildroot/output/rockchip_atk_dlrk3568/host/lib/gcc/aarch64-buildroot-linux-gnu/10.4.0/../../../../aarch64-buildroot-linux-gnu/lib/../lib64/:/home/alientek/rk3568_linux5.10_sdk/buildroot/output/rockchip_atk_dlrk3568/host/aarch64-buildroot-linux-gnu/sysroot/lib/../lib64/:/home/alientek/rk3568_linux5.10_sdk/buildroot/output/rockchip_atk_dlrk3568/host/aarch64-buildroot-linux-gnu/sysroot/usr/lib/../lib64/:/home/alientek/rk3568_linux5.10_sdk/buildroot/output/rockchip_atk_dlrk3568/host/lib/gcc/aarch64-buildroot-linux-gnu/10.4.0/../../../../aarch64-buildroot-linux-gnu/lib/:/home/alientek/rk3568_linux5.10_sdk/buildroot/output/rockchip_atk_dlrk3568/host/aarch64-buildroot-linux-gnu/sysroot/lib/:/home/alientek/rk3568_linux5.10_sdk/buildroot/output/rockchip_atk_dlrk3568/host/aarch64-buildroot-linux-gnu/sysroot/usr/lib/]
  ignore line: [COLLECT_GCC_OPTIONS='-fstack-protector-strong' '-fPIE' '-pie' '-D' '_LARGEFILE_SOURCE' '-D' '_LARGEFILE64_SOURCE' '-D' '_FILE_OFFSET_BITS=64' '-Os' '-g0' '-D' '_FORTIFY_SOURCE=1' '-D' 'NDEBUG' '-v' '-o' 'cmTC_0b131' '-mcpu=cortex-a55' '-mlittle-endian' '-mabi=lp64']
  link line: [ /home/alientek/rk3568_linux5.10_sdk/buildroot/output/rockchip_atk_dlrk3568/host/libexec/gcc/aarch64-buildroot-linux-gnu/10.4.0/collect2 -plugin /home/alientek/rk3568_linux5.10_sdk/buildroot/output/rockchip_atk_dlrk3568/host/libexec/gcc/aarch64-buildroot-linux-gnu/10.4.0/liblto_plugin.so -plugin-opt=/home/alientek/rk3568_linux5.10_sdk/buildroot/output/rockchip_atk_dlrk3568/host/libexec/gcc/aarch64-buildroot-linux-gnu/10.4.0/lto-wrapper -plugin-opt=-fresolution=/tmp/cc1jbIpQ.res -plugin-opt=-pass-through=-lgcc -plugin-opt=-pass-through=-lgcc_s -plugin-opt=-pass-through=-lc -plugin-opt=-pass-through=-lgcc -plugin-opt=-pass-through=-lgcc_s --sysroot=/home/alientek/rk3568_linux5.10_sdk/buildroot/output/rockchip_atk_dlrk3568/host/aarch64-buildroot-linux-gnu/sysroot --eh-frame-hdr -dynamic-linker /lib/ld-linux-aarch64.so.1 -X -EL -maarch64linux -pie -o cmTC_0b131 /home/alientek/rk3568_linux5.10_sdk/buildroot/output/rockchip_atk_dlrk3568/host/aarch64-buildroot-linux-gnu/sysroot/lib/../lib64/Scrt1.o /home/alientek/rk3568_linux5.10_sdk/buildroot/output/rockchip_atk_dlrk3568/host/aarch64-buildroot-linux-gnu/sysroot/lib/../lib64/crti.o /home/alientek/rk3568_linux5.10_sdk/buildroot/output/rockchip_atk_dlrk3568/host/lib/gcc/aarch64-buildroot-linux-gnu/10.4.0/crtbeginS.o -L/home/alientek/rk3568_linux5.10_sdk/buildroot/output/rockchip_atk_dlrk3568/host/lib/gcc/aarch64-buildroot-linux-gnu/10.4.0 -L/home/alientek/rk3568_linux5.10_sdk/buildroot/output/rockchip_atk_dlrk3568/host/lib/gcc/aarch64-buildroot-linux-gnu/10.4.0/../../../../aarch64-buildroot-linux-gnu/lib/../lib64 -L/home/alientek/rk3568_linux5.10_sdk/buildroot/output/rockchip_atk_dlrk3568/host/aarch64-buildroot-linux-gnu/sysroot/lib/../lib64 -L/home/alientek/rk3568_linux5.10_sdk/buildroot/output/rockchip_atk_dlrk3568/host/aarch64-buildroot-linux-gnu/sysroot/usr/lib/../lib64 -L/home/alientek/rk3568_linux5.10_sdk/buildroot/output/rockchip_atk_dlrk3568/host/lib/gcc/aarch64-buildroot-linux-gnu/10.4.0/../../../../aarch64-buildroot-linux-gnu/lib -L/home/alientek/rk3568_linux5.10_sdk/buildroot/output/rockchip_atk_dlrk3568/host/aarch64-buildroot-linux-gnu/sysroot/lib -L/home/alientek/rk3568_linux5.10_sdk/buildroot/output/rockchip_atk_dlrk3568/host/aarch64-buildroot-linux-gnu/sysroot/usr/lib -z max-page-size=4096 -z common-page-size=4096 -z now -z relro CMakeFiles/cmTC_0b131.dir/CMakeCCompilerABI.c.o -lgcc --push-state --as-needed -lgcc_s --pop-state -lc -lgcc --push-state --as-needed -lgcc_s --pop-state /home/alientek/rk3568_linux5.10_sdk/buildroot/output/rockchip_atk_dlrk3568/host/lib/gcc/aarch64-buildroot-linux-gnu/10.4.0/crtendS.o /home/alientek/rk3568_linux5.10_sdk/buildroot/output/rockchip_atk_dlrk3568/host/aarch64-buildroot-linux-gnu/sysroot/lib/../lib64/crtn.o]
    arg [/home/alientek/rk3568_linux5.10_sdk/buildroot/output/rockchip_atk_dlrk3568/host/libexec/gcc/aarch64-buildroot-linux-gnu/10.4.0/collect2] ==> ignore
    arg [-plugin] ==> ignore
    arg [/home/alientek/rk3568_linux5.10_sdk/buildroot/output/rockchip_atk_dlrk3568/host/libexec/gcc/aarch64-buildroot-linux-gnu/10.4.0/liblto_plugin.so] ==> ignore
    arg [-plugin-opt=/home/alientek/rk3568_linux5.10_sdk/buildroot/output/rockchip_atk_dlrk3568/host/libexec/gcc/aarch64-buildroot-linux-gnu/10.4.0/lto-wrapper] ==> ignore
    arg [-plugin-opt=-fresolution=/tmp/cc1jbIpQ.res] ==> ignore
    arg [-plugin-opt=-pass-through=-lgcc] ==> ignore
    arg [-plugin-opt=-pass-through=-lgcc_s] ==> ignore
    arg [-plugin-opt=-pass-through=-lc] ==> ignore
    arg [-plugin-opt=-pass-through=-lgcc] ==> ignore
    arg [-plugin-opt=-pass-through=-lgcc_s] ==> ignore
    arg [--sysroot=/home/alientek/rk3568_linux5.10_sdk/buildroot/output/rockchip_atk_dlrk3568/host/aarch64-buildroot-linux-gnu/sysroot] ==> ignore
    arg [--eh-frame-hdr] ==> ignore
    arg [-dynamic-linker] ==> ignore
    arg [/lib/ld-linux-aarch64.so.1] ==> ignore
    arg [-X] ==> ignore
    arg [-EL] ==> ignore
    arg [-maarch64linux] ==> ignore
    arg [-pie] ==> ignore
    arg [-o] ==> ignore
    arg [cmTC_0b131] ==> ignore
    arg [/home/alientek/rk3568_linux5.10_sdk/buildroot/output/rockchip_atk_dlrk3568/host/aarch64-buildroot-linux-gnu/sysroot/lib/../lib64/Scrt1.o] ==> ignore
    arg [/home/alientek/rk3568_linux5.10_sdk/buildroot/output/rockchip_atk_dlrk3568/host/aarch64-buildroot-linux-gnu/sysroot/lib/../lib64/crti.o] ==> ignore
    arg [/home/alientek/rk3568_linux5.10_sdk/buildroot/output/rockchip_atk_dlrk3568/host/lib/gcc/aarch64-buildroot-linux-gnu/10.4.0/crtbeginS.o] ==> ignore
    arg [-L/home/alientek/rk3568_linux5.10_sdk/buildroot/output/rockchip_atk_dlrk3568/host/lib/gcc/aarch64-buildroot-linux-gnu/10.4.0] ==> dir [/home/alientek/rk3568_linux5.10_sdk/buildroot/output/rockchip_atk_dlrk3568/host/lib/gcc/aarch64-buildroot-linux-gnu/10.4.0]
    arg [-L/home/alientek/rk3568_linux5.10_sdk/buildroot/output/rockchip_atk_dlrk3568/host/lib/gcc/aarch64-buildroot-linux-gnu/10.4.0/../../../../aarch64-buildroot-linux-gnu/lib/../lib64] ==> dir [/home/alientek/rk3568_linux5.10_sdk/buildroot/output/rockchip_atk_dlrk3568/host/lib/gcc/aarch64-buildroot-linux-gnu/10.4.0/../../../../aarch64-buildroot-linux-gnu/lib/../lib64]
    arg [-L/home/alientek/rk3568_linux5.10_sdk/buildroot/output/rockchip_atk_dlrk3568/host/aarch64-buildroot-linux-gnu/sysroot/lib/../lib64] ==> dir [/home/alientek/rk3568_linux5.10_sdk/buildroot/output/rockchip_atk_dlrk3568/host/aarch64-buildroot-linux-gnu/sysroot/lib/../lib64]
    arg [-L/home/alientek/rk3568_linux5.10_sdk/buildroot/output/rockchip_atk_dlrk3568/host/aarch64-buildroot-linux-gnu/sysroot/usr/lib/../lib64] ==> dir [/home/alientek/rk3568_linux5.10_sdk/buildroot/output/rockchip_atk_dlrk3568/host/aarch64-buildroot-linux-gnu/sysroot/usr/lib/../lib64]
    arg [-L/home/alientek/rk3568_linux5.10_sdk/buildroot/output/rockchip_atk_dlrk3568/host/lib/gcc/aarch64-buildroot-linux-gnu/10.4.0/../../../../aarch64-buildroot-linux-gnu/lib] ==> dir [/home/alientek/rk3568_linux5.10_sdk/buildroot/output/rockchip_atk_dlrk3568/host/lib/gcc/aarch64-buildroot-linux-gnu/10.4.0/../../../../aarch64-buildroot-linux-gnu/lib]
    arg [-L/home/alientek/rk3568_linux5.10_sdk/buildroot/output/rockchip_atk_dlrk3568/host/aarch64-buildroot-linux-gnu/sysroot/lib] ==> dir [/home/alientek/rk3568_linux5.10_sdk/buildroot/output/rockchip_atk_dlrk3568/host/aarch64-buildroot-linux-gnu/sysroot/lib]
    arg [-L/home/alientek/rk3568_linux5.10_sdk/buildroot/output/rockchip_atk_dlrk3568/host/aarch64-buildroot-linux-gnu/sysroot/usr/lib] ==> dir [/home/alientek/rk3568_linux5.10_sdk/buildroot/output/rockchip_atk_dlrk3568/host/aarch64-buildroot-linux-gnu/sysroot/usr/lib]
    arg [-zmax-page-size=4096] ==> ignore
    arg [-zcommon-page-size=4096] ==> ignore
    arg [-znow] ==> ignore
    arg [-zrelro] ==> ignore
    arg [CMakeFiles/cmTC_0b131.dir/CMakeCCompilerABI.c.o] ==> ignore
    arg [-lgcc] ==> lib [gcc]
    arg [--push-state] ==> ignore
    arg [--as-needed] ==> ignore
    arg [-lgcc_s] ==> lib [gcc_s]
    arg [--pop-state] ==> ignore
    arg [-lc] ==> lib [c]
    arg [-lgcc] ==> lib [gcc]
    arg [--push-state] ==> ignore
    arg [--as-needed] ==> ignore
    arg [-lgcc_s] ==> lib [gcc_s]
    arg [--pop-state] ==> ignore
    arg [/home/alientek/rk3568_linux5.10_sdk/buildroot/output/rockchip_atk_dlrk3568/host/lib/gcc/aarch64-buildroot-linux-gnu/10.4.0/crtendS.o] ==> ignore
    arg [/home/alientek/rk3568_linux5.10_sdk/buildroot/output/rockchip_atk_dlrk3568/host/aarch64-buildroot-linux-gnu/sysroot/lib/../lib64/crtn.o] ==> ignore
  collapse library dir [/home/alientek/rk3568_linux5.10_sdk/buildroot/output/rockchip_atk_dlrk3568/host/lib/gcc/aarch64-buildroot-linux-gnu/10.4.0] ==> [/home/alientek/rk3568_linux5.10_sdk/buildroot/output/rockchip_atk_dlrk3568/host/lib/gcc/aarch64-buildroot-linux-gnu/10.4.0]
  collapse library dir [/home/alientek/rk3568_linux5.10_sdk/buildroot/output/rockchip_atk_dlrk3568/host/lib/gcc/aarch64-buildroot-linux-gnu/10.4.0/../../../../aarch64-buildroot-linux-gnu/lib/../lib64] ==> [/home/alientek/rk3568_linux5.10_sdk/buildroot/output/rockchip_atk_dlrk3568/host/aarch64-buildroot-linux-gnu/lib64]
  collapse library dir [/home/alientek/rk3568_linux5.10_sdk/buildroot/output/rockchip_atk_dlrk3568/host/aarch64-buildroot-linux-gnu/sysroot/lib/../lib64] ==> [/home/alientek/rk3568_linux5.10_sdk/buildroot/output/rockchip_atk_dlrk3568/host/aarch64-buildroot-linux-gnu/sysroot/lib64]
  collapse library dir [/home/alientek/rk3568_linux5.10_sdk/buildroot/output/rockchip_atk_dlrk3568/host/aarch64-buildroot-linux-gnu/sysroot/usr/lib/../lib64] ==> [/home/alientek/rk3568_linux5.10_sdk/buildroot/output/rockchip_atk_dlrk3568/host/aarch64-buildroot-linux-gnu/sysroot/usr/lib64]
  collapse library dir [/home/alientek/rk3568_linux5.10_sdk/buildroot/output/rockchip_atk_dlrk3568/host/lib/gcc/aarch64-buildroot-linux-gnu/10.4.0/../../../../aarch64-buildroot-linux-gnu/lib] ==> [/home/alientek/rk3568_linux5.10_sdk/buildroot/output/rockchip_atk_dlrk3568/host/aarch64-buildroot-linux-gnu/lib]
  collapse library dir [/home/alientek/rk3568_linux5.10_sdk/buildroot/output/rockchip_atk_dlrk3568/host/aarch64-buildroot-linux-gnu/sysroot/lib] ==> [/home/alientek/rk3568_linux5.10_sdk/buildroot/output/rockchip_atk_dlrk3568/host/aarch64-buildroot-linux-gnu/sysroot/lib]
  collapse library dir [/home/alientek/rk3568_linux5.10_sdk/buildroot/output/rockchip_atk_dlrk3568/host/aarch64-buildroot-linux-gnu/sysroot/usr/lib] ==> [/home/alientek/rk3568_linux5.10_sdk/buildroot/output/rockchip_atk_dlrk3568/host/aarch64-buildroot-linux-gnu/sysroot/usr/lib]
  implicit libs: [gcc;gcc_s;c;gcc;gcc_s]
  implicit dirs: [/home/alientek/rk3568_linux5.10_sdk/buildroot/output/rockchip_atk_dlrk3568/host/lib/gcc/aarch64-buildroot-linux-gnu/10.4.0;/home/alientek/rk3568_linux5.10_sdk/buildroot/output/rockchip_atk_dlrk3568/host/aarch64-buildroot-linux-gnu/lib64;/home/alientek/rk3568_linux5.10_sdk/buildroot/output/rockchip_atk_dlrk3568/host/aarch64-buildroot-linux-gnu/sysroot/lib64;/home/alientek/rk3568_linux5.10_sdk/buildroot/output/rockchip_atk_dlrk3568/host/aarch64-buildroot-linux-gnu/sysroot/usr/lib64;/home/alientek/rk3568_linux5.10_sdk/buildroot/output/rockchip_atk_dlrk3568/host/aarch64-buildroot-linux-gnu/lib;/home/alientek/rk3568_linux5.10_sdk/buildroot/output/rockchip_atk_dlrk3568/host/aarch64-buildroot-linux-gnu/sysroot/lib;/home/alientek/rk3568_linux5.10_sdk/buildroot/output/rockchip_atk_dlrk3568/host/aarch64-buildroot-linux-gnu/sysroot/usr/lib]
  implicit fwks: []


Determining if the CXX compiler works passed with the following output:
Change Dir: /home/alientek/github/rkmpp/build/CMakeFiles/CMakeTmp

Run Build Command(s):/usr/bin/make cmTC_3542d/fast && /usr/bin/make -f CMakeFiles/cmTC_3542d.dir/build.make CMakeFiles/cmTC_3542d.dir/build
make[1]: 进入目录“/home/alientek/github/rkmpp/build/CMakeFiles/CMakeTmp”
Building CXX object CMakeFiles/cmTC_3542d.dir/testCXXCompiler.cxx.o
/home/alientek/rk3568_linux5.10_sdk/buildroot/output/rockchip_atk_dlrk3568/host/bin/aarch64-buildroot-linux-gnu-g++ --sysroot=/home/alientek/rk3568_linux5.10_sdk/buildroot/output/rockchip_atk_dlrk3568/host/aarch64-buildroot-linux-gnu/sysroot    -D_LARGEFILE_SOURCE -D_LARGEFILE64_SOURCE -D_FILE_OFFSET_BITS=64 -Os -g0 -D_FORTIFY_SOURCE=1   -DNDEBUG   -o CMakeFiles/cmTC_3542d.dir/testCXXCompiler.cxx.o -c /home/alientek/github/rkmpp/build/CMakeFiles/CMakeTmp/testCXXCompiler.cxx
Linking CXX executable cmTC_3542d
/usr/bin/cmake -E cmake_link_script CMakeFiles/cmTC_3542d.dir/link.txt --verbose=1
/home/alientek/rk3568_linux5.10_sdk/buildroot/output/rockchip_atk_dlrk3568/host/bin/aarch64-buildroot-linux-gnu-g++ --sysroot=/home/alientek/rk3568_linux5.10_sdk/buildroot/output/rockchip_atk_dlrk3568/host/aarch64-buildroot-linux-gnu/sysroot  -D_LARGEFILE_SOURCE -D_LARGEFILE64_SOURCE -D_FILE_OFFSET_BITS=64 -Os -g0 -D_FORTIFY_SOURCE=1   -DNDEBUG    CMakeFiles/cmTC_3542d.dir/testCXXCompiler.cxx.o  -o cmTC_3542d 
make[1]: 离开目录“/home/alientek/github/rkmpp/build/CMakeFiles/CMakeTmp”



Detecting CXX compiler ABI info compiled with the following output:
Change Dir: /home/alientek/github/rkmpp/build/CMakeFiles/CMakeTmp

Run Build Command(s):/usr/bin/make cmTC_f42b9/fast && /usr/bin/make -f CMakeFiles/cmTC_f42b9.dir/build.make CMakeFiles/cmTC_f42b9.dir/build
make[1]: Entering directory '/home/alientek/github/rkmpp/build/CMakeFiles/CMakeTmp'
Building CXX object CMakeFiles/cmTC_f42b9.dir/CMakeCXXCompilerABI.cpp.o
/home/alientek/rk3568_linux5.10_sdk/buildroot/output/rockchip_atk_dlrk3568/host/bin/aarch64-buildroot-linux-gnu-g++ --sysroot=/home/alientek/rk3568_linux5.10_sdk/buildroot/output/rockchip_atk_dlrk3568/host/aarch64-buildroot-linux-gnu/sysroot    -D_LARGEFILE_SOURCE -D_LARGEFILE64_SOURCE -D_FILE_OFFSET_BITS=64 -Os -g0 -D_FORTIFY_SOURCE=1   -DNDEBUG   -v -o CMakeFiles/cmTC_f42b9.dir/CMakeCXXCompilerABI.cpp.o -c /usr/share/cmake-3.16/Modules/CMakeCXXCompilerABI.cpp
Using built-in specs.
COLLECT_GCC=/home/alientek/rk3568_linux5.10_sdk/buildroot/output/rockchip_atk_dlrk3568/host/bin/aarch64-buildroot-linux-gnu-g++.br_real
Target: aarch64-buildroot-linux-gnu
Configured with: ./configure --prefix=/home/alientek/rk3568_linux5.10_sdk/buildroot/output/rockchip_atk_dlrk3568/host --sysconfdir=/home/alientek/rk3568_linux5.10_sdk/buildroot/output/rockchip_atk_dlrk3568/host/etc --enable-static --target=aarch64-buildroot-linux-gnu --with-sysroot=/home/alientek/rk3568_linux5.10_sdk/buildroot/output/rockchip_atk_dlrk3568/host/aarch64-buildroot-linux-gnu/sysroot --enable-__cxa_atexit --with-gnu-ld --disable-libssp --disable-multilib --disable-decimal-float --enable-plugins --enable-lto --with-gmp=/home/alientek/rk3568_linux5.10_sdk/buildroot/output/rockchip_atk_dlrk3568/host --with-mpc=/home/alientek/rk3568_linux5.10_sdk/buildroot/output/rockchip_atk_dlrk3568/host --with-mpfr=/home/alientek/rk3568_linux5.10_sdk/buildroot/output/rockchip_atk_dlrk3568/host --with-pkgversion='Buildroot -g2a024528' --with-bugurl=http://bugs.buildroot.net/ --without-zstd --disable-libquadmath --disable-libquadmath-support --enable-tls --enable-threads --without-isl --without-cloog --with-abi=lp64 --with-cpu=cortex-a55 --enable-languages=c,c++ --with-build-time-tools=/home/alientek/rk3568_linux5.10_sdk/buildroot/output/rockchip_atk_dlrk3568/host/aarch64-buildroot-linux-gnu/bin --enable-shared --disable-libgomp
Thread model: posix
Supported LTO compression algorithms: zlib
gcc version 10.4.0 (Buildroot -g2a024528) 
COLLECT_GCC_OPTIONS='-fstack-protector-strong' '-fPIE' '-pie' '-D' '_LARGEFILE_SOURCE' '-D' '_LARGEFILE64_SOURCE' '-D' '_FILE_OFFSET_BITS=64' '-Os' '-g0' '-D' '_FORTIFY_SOURCE=1' '-D' 'NDEBUG' '-v' '-o' 'CMakeFiles/cmTC_f42b9.dir/CMakeCXXCompilerABI.cpp.o' '-c' '-shared-libgcc' '-mcpu=cortex-a55' '-mlittle-endian' '-mabi=lp64'
 /home/alientek/rk3568_linux5.10_sdk/buildroot/output/rockchip_atk_dlrk3568/host/libexec/gcc/aarch64-buildroot-linux-gnu/10.4.0/cc1plus -quiet -v -isysroot /home/alientek/rk3568_linux5.10_sdk/buildroot/output/rockchip_atk_dlrk3568/host/aarch64-buildroot-linux-gnu/sysroot -D_GNU_SOURCE -D _LARGEFILE_SOURCE -D _LARGEFILE64_SOURCE -D _FILE_OFFSET_BITS=64 -D _FORTIFY_SOURCE=1 -D NDEBUG /usr/share/cmake-3.16/Modules/CMakeCXXCompilerABI.cpp -quiet -dumpbase CMakeCXXCompilerABI.cpp -mcpu=cortex-a55 -mlittle-endian -mabi=lp64 -auxbase-strip CMakeFiles/cmTC_f42b9.dir/CMakeCXXCompilerABI.cpp.o -g0 -Os -version -fstack-protector-strong -fPIE -o /tmp/ccJ6OJzn.s
GNU C++14 (Buildroot -g2a024528) version 10.4.0 (aarch64-buildroot-linux-gnu)
	compiled by GNU C version 9.4.0, GMP version 6.2.1, MPFR version 4.1.0, MPC version 1.2.1, isl version none
GGC heuristics: --param ggc-min-expand=100 --param ggc-min-heapsize=131072
ignoring nonexistent directory "/home/alientek/rk3568_linux5.10_sdk/buildroot/output/rockchip_atk_dlrk3568/host/aarch64-buildroot-linux-gnu/sysroot/usr/local/include"
#include "..." search starts here:
#include <...> search starts here:
 /home/alientek/rk3568_linux5.10_sdk/buildroot/output/rockchip_atk_dlrk3568/host/lib/gcc/aarch64-buildroot-linux-gnu/10.4.0/../../../../aarch64-buildroot-linux-gnu/include/c++/10.4.0
 /home/alientek/rk3568_linux5.10_sdk/buildroot/output/rockchip_atk_dlrk3568/host/lib/gcc/aarch64-buildroot-linux-gnu/10.4.0/../../../../aarch64-buildroot-linux-gnu/include/c++/10.4.0/aarch64-buildroot-linux-gnu
 /home/alientek/rk3568_linux5.10_sdk/buildroot/output/rockchip_atk_dlrk3568/host/lib/gcc/aarch64-buildroot-linux-gnu/10.4.0/../../../../aarch64-buildroot-linux-gnu/include/c++/10.4.0/backward
 /home/alientek/rk3568_linux5.10_sdk/buildroot/output/rockchip_atk_dlrk3568/host/lib/gcc/aarch64-buildroot-linux-gnu/10.4.0/include
 /home/alientek/rk3568_linux5.10_sdk/buildroot/output/rockchip_atk_dlrk3568/host/lib/gcc/aarch64-buildroot-linux-gnu/10.4.0/include-fixed
 /home/alientek/rk3568_linux5.10_sdk/buildroot/output/rockchip_atk_dlrk3568/host/lib/gcc/aarch64-buildroot-linux-gnu/10.4.0/../../../../aarch64-buildroot-linux-gnu/include
 /home/alientek/rk3568_linux5.10_sdk/buildroot/output/rockchip_atk_dlrk3568/host/aarch64-buildroot-linux-gnu/sysroot/usr/include
End of search list.
GNU C++14 (Buildroot -g2a024528) version 10.4.0 (aarch64-buildroot-linux-gnu)
	compiled by GNU C version 9.4.0, GMP version 6.2.1, MPFR version 4.1.0, MPC version 1.2.1, isl version none
GGC heuristics: --param ggc-min-expand=100 --param ggc-min-heapsize=131072
Compiler executable checksum: 675002f12e5eb841ac8d448d80b7d7b3
COLLECT_GCC_OPTIONS='-fstack-protector-strong' '-fPIE' '-pie' '-D' '_LARGEFILE_SOURCE' '-D' '_LARGEFILE64_SOURCE' '-D' '_FILE_OFFSET_BITS=64' '-Os' '-g0' '-D' '_FORTIFY_SOURCE=1' '-D' 'NDEBUG' '-v' '-o' 'CMakeFiles/cmTC_f42b9.dir/CMakeCXXCompilerABI.cpp.o' '-c' '-shared-libgcc' '-mcpu=cortex-a55' '-mlittle-endian' '-mabi=lp64'
 /home/alientek/rk3568_linux5.10_sdk/buildroot/output/rockchip_atk_dlrk3568/host/lib/gcc/aarch64-buildroot-linux-gnu/10.4.0/../../../../aarch64-buildroot-linux-gnu/bin/as -v -EL -march=armv8.2-a+fp16+rcpc+dotprod -mabi=lp64 -o CMakeFiles/cmTC_f42b9.dir/CMakeCXXCompilerABI.cpp.o /tmp/ccJ6OJzn.s
GNU assembler version 2.40 (aarch64-buildroot-linux-gnu) using BFD version (GNU Binutils) 2.40
COMPILER_PATH=/home/alientek/rk3568_linux5.10_sdk/buildroot/output/rockchip_atk_dlrk3568/host/libexec/gcc/aarch64-buildroot-linux-gnu/10.4.0/:/home/alientek/rk3568_linux5.10_sdk/buildroot/output/rockchip_atk_dlrk3568/host/libexec/gcc/aarch64-buildroot-linux-gnu/10.4.0/:/home/alientek/rk3568_linux5.10_sdk/buildroot/output/rockchip_atk_dlrk3568/host/libexec/gcc/aarch64-buildroot-linux-gnu/:/home/alientek/rk3568_linux5.10_sdk/buildroot/output/rockchip_atk_dlrk3568/host/lib/gcc/aarch64-buildroot-linux-gnu/10.4.0/:/home/alientek/rk3568_linux5.10_sdk/buildroot/output/rockchip_atk_dlrk3568/host/lib/gcc/aarch64-buildroot-linux-gnu/:/home/alientek/rk3568_linux5.10_sdk/buildroot/output/rockchip_atk_dlrk3568/host/lib/gcc/aarch64-buildroot-linux-gnu/10.4.0/../../../../aarch64-buildroot-linux-gnu/bin/
LIBRARY_PATH=/home/alientek/rk3568_linux5.10_sdk/buildroot/output/rockchip_atk_dlrk3568/host/lib/gcc/aarch64-buildroot-linux-gnu/10.4.0/:/home/alientek/rk3568_linux5.10_sdk/buildroot/output/rockchip_atk_dlrk3568/host/lib/gcc/aarch64-buildroot-linux-gnu/10.4.0/../../../../aarch64-buildroot-linux-gnu/lib/../lib64/:/home/alientek/rk3568_linux5.10_sdk/buildroot/output/rockchip_atk_dlrk3568/host/aarch64-buildroot-linux-gnu/sysroot/lib/../lib64/:/home/alientek/rk3568_linux5.10_sdk/buildroot/output/rockchip_atk_dlrk3568/host/aarch64-buildroot-linux-gnu/sysroot/usr/lib/../lib64/:/home/alientek/rk3568_linux5.10_sdk/buildroot/output/rockchip_atk_dlrk3568/host/lib/gcc/aarch64-buildroot-linux-gnu/10.4.0/../../../../aarch64-buildroot-linux-gnu/lib/:/home/alientek/rk3568_linux5.10_sdk/buildroot/output/rockchip_atk_dlrk3568/host/aarch64-buildroot-linux-gnu/sysroot/lib/:/home/alientek/rk3568_linux5.10_sdk/buildroot/output/rockchip_atk_dlrk3568/host/aarch64-buildroot-linux-gnu/sysroot/usr/lib/
COLLECT_GCC_OPTIONS='-fstack-protector-strong' '-fPIE' '-pie' '-D' '_LARGEFILE_SOURCE' '-D' '_LARGEFILE64_SOURCE' '-D' '_FILE_OFFSET_BITS=64' '-Os' '-g0' '-D' '_FORTIFY_SOURCE=1' '-D' 'NDEBUG' '-v' '-o' 'CMakeFiles/cmTC_f42b9.dir/CMakeCXXCompilerABI.cpp.o' '-c' '-shared-libgcc' '-mcpu=cortex-a55' '-mlittle-endian' '-mabi=lp64'
Linking CXX executable cmTC_f42b9
/usr/bin/cmake -E cmake_link_script CMakeFiles/cmTC_f42b9.dir/link.txt --verbose=1
/home/alientek/rk3568_linux5.10_sdk/buildroot/output/rockchip_atk_dlrk3568/host/bin/aarch64-buildroot-linux-gnu-g++ --sysroot=/home/alientek/rk3568_linux5.10_sdk/buildroot/output/rockchip_atk_dlrk3568/host/aarch64-buildroot-linux-gnu/sysroot  -D_LARGEFILE_SOURCE -D_LARGEFILE64_SOURCE -D_FILE_OFFSET_BITS=64 -Os -g0 -D_FORTIFY_SOURCE=1   -DNDEBUG   -v CMakeFiles/cmTC_f42b9.dir/CMakeCXXCompilerABI.cpp.o  -o cmTC_f42b9 
Using built-in specs.
COLLECT_GCC=/home/alientek/rk3568_linux5.10_sdk/buildroot/output/rockchip_atk_dlrk3568/host/bin/aarch64-buildroot-linux-gnu-g++.br_real
COLLECT_LTO_WRAPPER=/home/alientek/rk3568_linux5.10_sdk/buildroot/output/rockchip_atk_dlrk3568/host/libexec/gcc/aarch64-buildroot-linux-gnu/10.4.0/lto-wrapper
Target: aarch64-buildroot-linux-gnu
Configured with: ./configure --prefix=/home/alientek/rk3568_linux5.10_sdk/buildroot/output/rockchip_atk_dlrk3568/host --sysconfdir=/home/alientek/rk3568_linux5.10_sdk/buildroot/output/rockchip_atk_dlrk3568/host/etc --enable-static --target=aarch64-buildroot-linux-gnu --with-sysroot=/home/alientek/rk3568_linux5.10_sdk/buildroot/output/rockchip_atk_dlrk3568/host/aarch64-buildroot-linux-gnu/sysroot --enable-__cxa_atexit --with-gnu-ld --disable-libssp --disable-multilib --disable-decimal-float --enable-plugins --enable-lto --with-gmp=/home/alientek/rk3568_linux5.10_sdk/buildroot/output/rockchip_atk_dlrk3568/host --with-mpc=/home/alientek/rk3568_linux5.10_sdk/buildroot/output/rockchip_atk_dlrk3568/host --with-mpfr=/home/alientek/rk3568_linux5.10_sdk/buildroot/output/rockchip_atk_dlrk3568/host --with-pkgversion='Buildroot -g2a024528' --with-bugurl=http://bugs.buildroot.net/ --without-zstd --disable-libquadmath --disable-libquadmath-support --enable-tls --enable-threads --without-isl --without-cloog --with-abi=lp64 --with-cpu=cortex-a55 --enable-languages=c,c++ --with-build-time-tools=/home/alientek/rk3568_linux5.10_sdk/buildroot/output/rockchip_atk_dlrk3568/host/aarch64-buildroot-linux-gnu/bin --enable-shared --disable-libgomp
Thread model: posix
Supported LTO compression algorithms: zlib
gcc version 10.4.0 (Buildroot -g2a024528) 
COMPILER_PATH=/home/alientek/rk3568_linux5.10_sdk/buildroot/output/rockchip_atk_dlrk3568/host/libexec/gcc/aarch64-buildroot-linux-gnu/10.4.0/:/home/alientek/rk3568_linux5.10_sdk/buildroot/output/rockchip_atk_dlrk3568/host/libexec/gcc/aarch64-buildroot-linux-gnu/10.4.0/:/home/alientek/rk3568_linux5.10_sdk/buildroot/output/rockchip_atk_dlrk3568/host/libexec/gcc/aarch64-buildroot-linux-gnu/:/home/alientek/rk3568_linux5.10_sdk/buildroot/output/rockchip_atk_dlrk3568/host/lib/gcc/aarch64-buildroot-linux-gnu/10.4.0/:/home/alientek/rk3568_linux5.10_sdk/buildroot/output/rockchip_atk_dlrk3568/host/lib/gcc/aarch64-buildroot-linux-gnu/:/home/alientek/rk3568_linux5.10_sdk/buildroot/output/rockchip_atk_dlrk3568/host/lib/gcc/aarch64-buildroot-linux-gnu/10.4.0/../../../../aarch64-buildroot-linux-gnu/bin/
LIBRARY_PATH=/home/alientek/rk3568_linux5.10_sdk/buildroot/output/rockchip_atk_dlrk3568/host/lib/gcc/aarch64-buildroot-linux-gnu/10.4.0/:/home/alientek/rk3568_linux5.10_sdk/buildroot/output/rockchip_atk_dlrk3568/host/lib/gcc/aarch64-buildroot-linux-gnu/10.4.0/../../../../aarch64-buildroot-linux-gnu/lib/../lib64/:/home/alientek/rk3568_linux5.10_sdk/buildroot/output/rockchip_atk_dlrk3568/host/aarch64-buildroot-linux-gnu/sysroot/lib/../lib64/:/home/alientek/rk3568_linux5.10_sdk/buildroot/output/rockchip_atk_dlrk3568/host/aarch64-buildroot-linux-gnu/sysroot/usr/lib/../lib64/:/home/alientek/rk3568_linux5.10_sdk/buildroot/output/rockchip_atk_dlrk3568/host/lib/gcc/aarch64-buildroot-linux-gnu/10.4.0/../../../../aarch64-buildroot-linux-gnu/lib/:/home/alientek/rk3568_linux5.10_sdk/buildroot/output/rockchip_atk_dlrk3568/host/aarch64-buildroot-linux-gnu/sysroot/lib/:/home/alientek/rk3568_linux5.10_sdk/buildroot/output/rockchip_atk_dlrk3568/host/aarch64-buildroot-linux-gnu/sysroot/usr/lib/
COLLECT_GCC_OPTIONS='-fstack-protector-strong' '-fPIE' '-pie' '-D' '_LARGEFILE_SOURCE' '-D' '_LARGEFILE64_SOURCE' '-D' '_FILE_OFFSET_BITS=64' '-Os' '-g0' '-D' '_FORTIFY_SOURCE=1' '-D' 'NDEBUG' '-v' '-o' 'cmTC_f42b9' '-shared-libgcc' '-mcpu=cortex-a55' '-mlittle-endian' '-mabi=lp64'
 /home/alientek/rk3568_linux5.10_sdk/buildroot/output/rockchip_atk_dlrk3568/host/libexec/gcc/aarch64-buildroot-linux-gnu/10.4.0/collect2 -plugin /home/alientek/rk3568_linux5.10_sdk/buildroot/output/rockchip_atk_dlrk3568/host/libexec/gcc/aarch64-buildroot-linux-gnu/10.4.0/liblto_plugin.so -plugin-opt=/home/alientek/rk3568_linux5.10_sdk/buildroot/output/rockchip_atk_dlrk3568/host/libexec/gcc/aarch64-buildroot-linux-gnu/10.4.0/lto-wrapper -plugin-opt=-fresolution=/tmp/cco71HHP.res -plugin-opt=-pass-through=-lgcc_s -plugin-opt=-pass-through=-lgcc -plugin-opt=-pass-through=-lc -plugin-opt=-pass-through=-lgcc_s -plugin-opt=-pass-through=-lgcc --sysroot=/home/alientek/rk3568_linux5.10_sdk/buildroot/output/rockchip_atk_dlrk3568/host/aarch64-buildroot-linux-gnu/sysroot --eh-frame-hdr -dynamic-linker /lib/ld-linux-aarch64.so.1 -X -EL -maarch64linux -pie -o cmTC_f42b9 /home/alientek/rk3568_linux5.10_sdk/buildroot/output/rockchip_atk_dlrk3568/host/aarch64-buildroot-linux-gnu/sysroot/lib/../lib64/Scrt1.o /home/alientek/rk3568_linux5.10_sdk/buildroot/output/rockchip_atk_dlrk3568/host/aarch64-buildroot-linux-gnu/sysroot/lib/../lib64/crti.o /home/alientek/rk3568_linux5.10_sdk/buildroot/output/rockchip_atk_dlrk3568/host/lib/gcc/aarch64-buildroot-linux-gnu/10.4.0/crtbeginS.o -L/home/alientek/rk3568_linux5.10_sdk/buildroot/output/rockchip_atk_dlrk3568/host/lib/gcc/aarch64-buildroot-linux-gnu/10.4.0 -L/home/alientek/rk3568_linux5.10_sdk/buildroot/output/rockchip_atk_dlrk3568/host/lib/gcc/aarch64-buildroot-linux-gnu/10.4.0/../../../../aarch64-buildroot-linux-gnu/lib/../lib64 -L/home/alientek/rk3568_linux5.10_sdk/buildroot/output/rockchip_atk_dlrk3568/host/aarch64-buildroot-linux-gnu/sysroot/lib/../lib64 -L/home/alientek/rk3568_linux5.10_sdk/buildroot/output/rockchip_atk_dlrk3568/host/aarch64-buildroot-linux-gnu/sysroot/usr/lib/../lib64 -L/home/alientek/rk3568_linux5.10_sdk/buildroot/output/rockchip_atk_dlrk3568/host/lib/gcc/aarch64-buildroot-linux-gnu/10.4.0/../../../../aarch64-buildroot-linux-gnu/lib -L/home/alientek/rk3568_linux5.10_sdk/buildroot/output/rockchip_atk_dlrk3568/host/aarch64-buildroot-linux-gnu/sysroot/lib -L/home/alientek/rk3568_linux5.10_sdk/buildroot/output/rockchip_atk_dlrk3568/host/aarch64-buildroot-linux-gnu/sysroot/usr/lib -z max-page-size=4096 -z common-page-size=4096 -z now -z relro CMakeFiles/cmTC_f42b9.dir/CMakeCXXCompilerABI.cpp.o -lstdc++ -lm -lgcc_s -lgcc -lc -lgcc_s -lgcc /home/alientek/rk3568_linux5.10_sdk/buildroot/output/rockchip_atk_dlrk3568/host/lib/gcc/aarch64-buildroot-linux-gnu/10.4.0/crtendS.o /home/alientek/rk3568_linux5.10_sdk/buildroot/output/rockchip_atk_dlrk3568/host/aarch64-buildroot-linux-gnu/sysroot/lib/../lib64/crtn.o
COLLECT_GCC_OPTIONS='-fstack-protector-strong' '-fPIE' '-pie' '-D' '_LARGEFILE_SOURCE' '-D' '_LARGEFILE64_SOURCE' '-D' '_FILE_OFFSET_BITS=64' '-Os' '-g0' '-D' '_FORTIFY_SOURCE=1' '-D' 'NDEBUG' '-v' '-o' 'cmTC_f42b9' '-shared-libgcc' '-mcpu=cortex-a55' '-mlittle-endian' '-mabi=lp64'
make[1]: Leaving directory '/home/alientek/github/rkmpp/build/CMakeFiles/CMakeTmp'



Parsed CXX implicit include dir info from above output: rv=done
  found start of include info
  found start of implicit include info
    add: [/home/alientek/rk3568_linux5.10_sdk/buildroot/output/rockchip_atk_dlrk3568/host/lib/gcc/aarch64-buildroot-linux-gnu/10.4.0/../../../../aarch64-buildroot-linux-gnu/include/c++/10.4.0]
    add: [/home/alientek/rk3568_linux5.10_sdk/buildroot/output/rockchip_atk_dlrk3568/host/lib/gcc/aarch64-buildroot-linux-gnu/10.4.0/../../../../aarch64-buildroot-linux-gnu/include/c++/10.4.0/aarch64-buildroot-linux-gnu]
    add: [/home/alientek/rk3568_linux5.10_sdk/buildroot/output/rockchip_atk_dlrk3568/host/lib/gcc/aarch64-buildroot-linux-gnu/10.4.0/../../../../aarch64-buildroot-linux-gnu/include/c++/10.4.0/backward]
    add: [/home/alientek/rk3568_linux5.10_sdk/buildroot/output/rockchip_atk_dlrk3568/host/lib/gcc/aarch64-buildroot-linux-gnu/10.4.0/include]
    add: [/home/alientek/rk3568_linux5.10_sdk/buildroot/output/rockchip_atk_dlrk3568/host/lib/gcc/aarch64-buildroot-linux-gnu/10.4.0/include-fixed]
    add: [/home/alientek/rk3568_linux5.10_sdk/buildroot/output/rockchip_atk_dlrk3568/host/lib/gcc/aarch64-buildroot-linux-gnu/10.4.0/../../../../aarch64-buildroot-linux-gnu/include]
    add: [/home/alientek/rk3568_linux5.10_sdk/buildroot/output/rockchip_atk_dlrk3568/host/aarch64-buildroot-linux-gnu/sysroot/usr/include]
  end of search list found
  collapse include dir [/home/alientek/rk3568_linux5.10_sdk/buildroot/output/rockchip_atk_dlrk3568/host/lib/gcc/aarch64-buildroot-linux-gnu/10.4.0/../../../../aarch64-buildroot-linux-gnu/include/c++/10.4.0] ==> [/home/alientek/rk3568_linux5.10_sdk/buildroot/output/rockchip_atk_dlrk3568/host/aarch64-buildroot-linux-gnu/include/c++/10.4.0]
  collapse include dir [/home/alientek/rk3568_linux5.10_sdk/buildroot/output/rockchip_atk_dlrk3568/host/lib/gcc/aarch64-buildroot-linux-gnu/10.4.0/../../../../aarch64-buildroot-linux-gnu/include/c++/10.4.0/aarch64-buildroot-linux-gnu] ==> [/home/alientek/rk3568_linux5.10_sdk/buildroot/output/rockchip_atk_dlrk3568/host/aarch64-buildroot-linux-gnu/include/c++/10.4.0/aarch64-buildroot-linux-gnu]
  collapse include dir [/home/alientek/rk3568_linux5.10_sdk/buildroot/output/rockchip_atk_dlrk3568/host/lib/gcc/aarch64-buildroot-linux-gnu/10.4.0/../../../../aarch64-buildroot-linux-gnu/include/c++/10.4.0/backward] ==> [/home/alientek/rk3568_linux5.10_sdk/buildroot/output/rockchip_atk_dlrk3568/host/aarch64-buildroot-linux-gnu/include/c++/10.4.0/backward]
  collapse include dir [/home/alientek/rk3568_linux5.10_sdk/buildroot/output/rockchip_atk_dlrk3568/host/lib/gcc/aarch64-buildroot-linux-gnu/10.4.0/include] ==> [/home/alientek/rk3568_linux5.10_sdk/buildroot/output/rockchip_atk_dlrk3568/host/lib/gcc/aarch64-buildroot-linux-gnu/10.4.0/include]
  collapse include dir [/home/alientek/rk3568_linux5.10_sdk/buildroot/output/rockchip_atk_dlrk3568/host/lib/gcc/aarch64-buildroot-linux-gnu/10.4.0/include-fixed] ==> [/home/alientek/rk3568_linux5.10_sdk/buildroot/output/rockchip_atk_dlrk3568/host/lib/gcc/aarch64-buildroot-linux-gnu/10.4.0/include-fixed]
  collapse include dir [/home/alientek/rk3568_linux5.10_sdk/buildroot/output/rockchip_atk_dlrk3568/host/lib/gcc/aarch64-buildroot-linux-gnu/10.4.0/../../../../aarch64-buildroot-linux-gnu/include] ==> [/home/alientek/rk3568_linux5.10_sdk/buildroot/output/rockchip_atk_dlrk3568/host/aarch64-buildroot-linux-gnu/include]
  collapse include dir [/home/alientek/rk3568_linux5.10_sdk/buildroot/output/rockchip_atk_dlrk3568/host/aarch64-buildroot-linux-gnu/sysroot/usr/include] ==> [/home/alientek/rk3568_linux5.10_sdk/buildroot/output/rockchip_atk_dlrk3568/host/aarch64-buildroot-linux-gnu/sysroot/usr/include]
  implicit include dirs: [/home/alientek/rk3568_linux5.10_sdk/buildroot/output/rockchip_atk_dlrk3568/host/aarch64-buildroot-linux-gnu/include/c++/10.4.0;/home/alientek/rk3568_linux5.10_sdk/buildroot/output/rockchip_atk_dlrk3568/host/aarch64-buildroot-linux-gnu/include/c++/10.4.0/aarch64-buildroot-linux-gnu;/home/alientek/rk3568_linux5.10_sdk/buildroot/output/rockchip_atk_dlrk3568/host/aarch64-buildroot-linux-gnu/include/c++/10.4.0/backward;/home/alientek/rk3568_linux5.10_sdk/buildroot/output/rockchip_atk_dlrk3568/host/lib/gcc/aarch64-buildroot-linux-gnu/10.4.0/include;/home/alientek/rk3568_linux5.10_sdk/buildroot/output/rockchip_atk_dlrk3568/host/lib/gcc/aarch64-buildroot-linux-gnu/10.4.0/include-fixed;/home/alientek/rk3568_linux5.10_sdk/buildroot/output/rockchip_atk_dlrk3568/host/aarch64-buildroot-linux-gnu/include;/home/alientek/rk3568_linux5.10_sdk/buildroot/output/rockchip_atk_dlrk3568/host/aarch64-buildroot-linux-gnu/sysroot/usr/include]


Parsed CXX implicit link information from above output:
  link line regex: [^( *|.*[/\])(aarch64-buildroot-linux-gnu-ld|CMAKE_LINK_STARTFILE-NOTFOUND|([^/\]+-)?ld|collect2)[^/\]*( |$)]
  ignore line: [Change Dir: /home/alientek/github/rkmpp/build/CMakeFiles/CMakeTmp]
  ignore line: []
  ignore line: [Run Build Command(s):/usr/bin/make cmTC_f42b9/fast && /usr/bin/make -f CMakeFiles/cmTC_f42b9.dir/build.make CMakeFiles/cmTC_f42b9.dir/build]
  ignore line: [make[1]: Entering directory '/home/alientek/github/rkmpp/build/CMakeFiles/CMakeTmp']
  ignore line: [Building CXX object CMakeFiles/cmTC_f42b9.dir/CMakeCXXCompilerABI.cpp.o]
  ignore line: [/home/alientek/rk3568_linux5.10_sdk/buildroot/output/rockchip_atk_dlrk3568/host/bin/aarch64-buildroot-linux-gnu-g++ --sysroot=/home/alientek/rk3568_linux5.10_sdk/buildroot/output/rockchip_atk_dlrk3568/host/aarch64-buildroot-linux-gnu/sysroot    -D_LARGEFILE_SOURCE -D_LARGEFILE64_SOURCE -D_FILE_OFFSET_BITS=64 -Os -g0 -D_FORTIFY_SOURCE=1   -DNDEBUG   -v -o CMakeFiles/cmTC_f42b9.dir/CMakeCXXCompilerABI.cpp.o -c /usr/share/cmake-3.16/Modules/CMakeCXXCompilerABI.cpp]
  ignore line: [Using built-in specs.]
  ignore line: [COLLECT_GCC=/home/alientek/rk3568_linux5.10_sdk/buildroot/output/rockchip_atk_dlrk3568/host/bin/aarch64-buildroot-linux-gnu-g++.br_real]
  ignore line: [Target: aarch64-buildroot-linux-gnu]
  ignore line: [Configured with: ./configure --prefix=/home/alientek/rk3568_linux5.10_sdk/buildroot/output/rockchip_atk_dlrk3568/host --sysconfdir=/home/alientek/rk3568_linux5.10_sdk/buildroot/output/rockchip_atk_dlrk3568/host/etc --enable-static --target=aarch64-buildroot-linux-gnu --with-sysroot=/home/alientek/rk3568_linux5.10_sdk/buildroot/output/rockchip_atk_dlrk3568/host/aarch64-buildroot-linux-gnu/sysroot --enable-__cxa_atexit --with-gnu-ld --disable-libssp --disable-multilib --disable-decimal-float --enable-plugins --enable-lto --with-gmp=/home/alientek/rk3568_linux5.10_sdk/buildroot/output/rockchip_atk_dlrk3568/host --with-mpc=/home/alientek/rk3568_linux5.10_sdk/buildroot/output/rockchip_atk_dlrk3568/host --with-mpfr=/home/alientek/rk3568_linux5.10_sdk/buildroot/output/rockchip_atk_dlrk3568/host --with-pkgversion='Buildroot -g2a024528' --with-bugurl=http://bugs.buildroot.net/ --without-zstd --disable-libquadmath --disable-libquadmath-support --enable-tls --enable-threads --without-isl --without-cloog --with-abi=lp64 --with-cpu=cortex-a55 --enable-languages=c,c++ --with-build-time-tools=/home/alientek/rk3568_linux5.10_sdk/buildroot/output/rockchip_atk_dlrk3568/host/aarch64-buildroot-linux-gnu/bin --enable-shared --disable-libgomp]
  ignore line: [Thread model: posix]
  ignore line: [Supported LTO compression algorithms: zlib]
  ignore line: [gcc version 10.4.0 (Buildroot -g2a024528) ]
  ignore line: [COLLECT_GCC_OPTIONS='-fstack-protector-strong' '-fPIE' '-pie' '-D' '_LARGEFILE_SOURCE' '-D' '_LARGEFILE64_SOURCE' '-D' '_FILE_OFFSET_BITS=64' '-Os' '-g0' '-D' '_FORTIFY_SOURCE=1' '-D' 'NDEBUG' '-v' '-o' 'CMakeFiles/cmTC_f42b9.dir/CMakeCXXCompilerABI.cpp.o' '-c' '-shared-libgcc' '-mcpu=cortex-a55' '-mlittle-endian' '-mabi=lp64']
  ignore line: [ /home/alientek/rk3568_linux5.10_sdk/buildroot/output/rockchip_atk_dlrk3568/host/libexec/gcc/aarch64-buildroot-linux-gnu/10.4.0/cc1plus -quiet -v -isysroot /home/alientek/rk3568_linux5.10_sdk/buildroot/output/rockchip_atk_dlrk3568/host/aarch64-buildroot-linux-gnu/sysroot -D_GNU_SOURCE -D _LARGEFILE_SOURCE -D _LARGEFILE64_SOURCE -D _FILE_OFFSET_BITS=64 -D _FORTIFY_SOURCE=1 -D NDEBUG /usr/share/cmake-3.16/Modules/CMakeCXXCompilerABI.cpp -quiet -dumpbase CMakeCXXCompilerABI.cpp -mcpu=cortex-a55 -mlittle-endian -mabi=lp64 -auxbase-strip CMakeFiles/cmTC_f42b9.dir/CMakeCXXCompilerABI.cpp.o -g0 -Os -version -fstack-protector-strong -fPIE -o /tmp/ccJ6OJzn.s]
  ignore line: [GNU C++14 (Buildroot -g2a024528) version 10.4.0 (aarch64-buildroot-linux-gnu)]
  ignore line: [	compiled by GNU C version 9.4.0  GMP version 6.2.1  MPFR version 4.1.0  MPC version 1.2.1  isl version none]
  ignore line: [GGC heuristics: --param ggc-min-expand=100 --param ggc-min-heapsize=131072]
  ignore line: [ignoring nonexistent directory "/home/alientek/rk3568_linux5.10_sdk/buildroot/output/rockchip_atk_dlrk3568/host/aarch64-buildroot-linux-gnu/sysroot/usr/local/include"]
  ignore line: [#include "..." search starts here:]
  ignore line: [#include <...> search starts here:]
  ignore line: [ /home/alientek/rk3568_linux5.10_sdk/buildroot/output/rockchip_atk_dlrk3568/host/lib/gcc/aarch64-buildroot-linux-gnu/10.4.0/../../../../aarch64-buildroot-linux-gnu/include/c++/10.4.0]
  ignore line: [ /home/alientek/rk3568_linux5.10_sdk/buildroot/output/rockchip_atk_dlrk3568/host/lib/gcc/aarch64-buildroot-linux-gnu/10.4.0/../../../../aarch64-buildroot-linux-gnu/include/c++/10.4.0/aarch64-buildroot-linux-gnu]
  ignore line: [ /home/alientek/rk3568_linux5.10_sdk/buildroot/output/rockchip_atk_dlrk3568/host/lib/gcc/aarch64-buildroot-linux-gnu/10.4.0/../../../../aarch64-buildroot-linux-gnu/include/c++/10.4.0/backward]
  ignore line: [ /home/alientek/rk3568_linux5.10_sdk/buildroot/output/rockchip_atk_dlrk3568/host/lib/gcc/aarch64-buildroot-linux-gnu/10.4.0/include]
  ignore line: [ /home/alientek/rk3568_linux5.10_sdk/buildroot/output/rockchip_atk_dlrk3568/host/lib/gcc/aarch64-buildroot-linux-gnu/10.4.0/include-fixed]
  ignore line: [ /home/alientek/rk3568_linux5.10_sdk/buildroot/output/rockchip_atk_dlrk3568/host/lib/gcc/aarch64-buildroot-linux-gnu/10.4.0/../../../../aarch64-buildroot-linux-gnu/include]
  ignore line: [ /home/alientek/rk3568_linux5.10_sdk/buildroot/output/rockchip_atk_dlrk3568/host/aarch64-buildroot-linux-gnu/sysroot/usr/include]
  ignore line: [End of search list.]
  ignore line: [GNU C++14 (Buildroot -g2a024528) version 10.4.0 (aarch64-buildroot-linux-gnu)]
  ignore line: [	compiled by GNU C version 9.4.0  GMP version 6.2.1  MPFR version 4.1.0  MPC version 1.2.1  isl version none]
  ignore line: [GGC heuristics: --param ggc-min-expand=100 --param ggc-min-heapsize=131072]
  ignore line: [Compiler executable checksum: 675002f12e5eb841ac8d448d80b7d7b3]
  ignore line: [COLLECT_GCC_OPTIONS='-fstack-protector-strong' '-fPIE' '-pie' '-D' '_LARGEFILE_SOURCE' '-D' '_LARGEFILE64_SOURCE' '-D' '_FILE_OFFSET_BITS=64' '-Os' '-g0' '-D' '_FORTIFY_SOURCE=1' '-D' 'NDEBUG' '-v' '-o' 'CMakeFiles/cmTC_f42b9.dir/CMakeCXXCompilerABI.cpp.o' '-c' '-shared-libgcc' '-mcpu=cortex-a55' '-mlittle-endian' '-mabi=lp64']
  ignore line: [ /home/alientek/rk3568_linux5.10_sdk/buildroot/output/rockchip_atk_dlrk3568/host/lib/gcc/aarch64-buildroot-linux-gnu/10.4.0/../../../../aarch64-buildroot-linux-gnu/bin/as -v -EL -march=armv8.2-a+fp16+rcpc+dotprod -mabi=lp64 -o CMakeFiles/cmTC_f42b9.dir/CMakeCXXCompilerABI.cpp.o /tmp/ccJ6OJzn.s]
  ignore line: [GNU assembler version 2.40 (aarch64-buildroot-linux-gnu) using BFD version (GNU Binutils) 2.40]
  ignore line: [COMPILER_PATH=/home/alientek/rk3568_linux5.10_sdk/buildroot/output/rockchip_atk_dlrk3568/host/libexec/gcc/aarch64-buildroot-linux-gnu/10.4.0/:/home/alientek/rk3568_linux5.10_sdk/buildroot/output/rockchip_atk_dlrk3568/host/libexec/gcc/aarch64-buildroot-linux-gnu/10.4.0/:/home/alientek/rk3568_linux5.10_sdk/buildroot/output/rockchip_atk_dlrk3568/host/libexec/gcc/aarch64-buildroot-linux-gnu/:/home/alientek/rk3568_linux5.10_sdk/buildroot/output/rockchip_atk_dlrk3568/host/lib/gcc/aarch64-buildroot-linux-gnu/10.4.0/:/home/alientek/rk3568_linux5.10_sdk/buildroot/output/rockchip_atk_dlrk3568/host/lib/gcc/aarch64-buildroot-linux-gnu/:/home/alientek/rk3568_linux5.10_sdk/buildroot/output/rockchip_atk_dlrk3568/host/lib/gcc/aarch64-buildroot-linux-gnu/10.4.0/../../../../aarch64-buildroot-linux-gnu/bin/]
  ignore line: [LIBRARY_PATH=/home/alientek/rk3568_linux5.10_sdk/buildroot/output/rockchip_atk_dlrk3568/host/lib/gcc/aarch64-buildroot-linux-gnu/10.4.0/:/home/alientek/rk3568_linux5.10_sdk/buildroot/output/rockchip_atk_dlrk3568/host/lib/gcc/aarch64-buildroot-linux-gnu/10.4.0/../../../../aarch64-buildroot-linux-gnu/lib/../lib64/:/home/alientek/rk3568_linux5.10_sdk/buildroot/output/rockchip_atk_dlrk3568/host/aarch64-buildroot-linux-gnu/sysroot/lib/../lib64/:/home/alientek/rk3568_linux5.10_sdk/buildroot/output/rockchip_atk_dlrk3568/host/aarch64-buildroot-linux-gnu/sysroot/usr/lib/../lib64/:/home/alientek/rk3568_linux5.10_sdk/buildroot/output/rockchip_atk_dlrk3568/host/lib/gcc/aarch64-buildroot-linux-gnu/10.4.0/../../../../aarch64-buildroot-linux-gnu/lib/:/home/alientek/rk3568_linux5.10_sdk/buildroot/output/rockchip_atk_dlrk3568/host/aarch64-buildroot-linux-gnu/sysroot/lib/:/home/alientek/rk3568_linux5.10_sdk/buildroot/output/rockchip_atk_dlrk3568/host/aarch64-buildroot-linux-gnu/sysroot/usr/lib/]
  ignore line: [COLLECT_GCC_OPTIONS='-fstack-protector-strong' '-fPIE' '-pie' '-D' '_LARGEFILE_SOURCE' '-D' '_LARGEFILE64_SOURCE' '-D' '_FILE_OFFSET_BITS=64' '-Os' '-g0' '-D' '_FORTIFY_SOURCE=1' '-D' 'NDEBUG' '-v' '-o' 'CMakeFiles/cmTC_f42b9.dir/CMakeCXXCompilerABI.cpp.o' '-c' '-shared-libgcc' '-mcpu=cortex-a55' '-mlittle-endian' '-mabi=lp64']
  ignore line: [Linking CXX executable cmTC_f42b9]
  ignore line: [/usr/bin/cmake -E cmake_link_script CMakeFiles/cmTC_f42b9.dir/link.txt --verbose=1]
  ignore line: [/home/alientek/rk3568_linux5.10_sdk/buildroot/output/rockchip_atk_dlrk3568/host/bin/aarch64-buildroot-linux-gnu-g++ --sysroot=/home/alientek/rk3568_linux5.10_sdk/buildroot/output/rockchip_atk_dlrk3568/host/aarch64-buildroot-linux-gnu/sysroot  -D_LARGEFILE_SOURCE -D_LARGEFILE64_SOURCE -D_FILE_OFFSET_BITS=64 -Os -g0 -D_FORTIFY_SOURCE=1   -DNDEBUG   -v CMakeFiles/cmTC_f42b9.dir/CMakeCXXCompilerABI.cpp.o  -o cmTC_f42b9 ]
  ignore line: [Using built-in specs.]
  ignore line: [COLLECT_GCC=/home/alientek/rk3568_linux5.10_sdk/buildroot/output/rockchip_atk_dlrk3568/host/bin/aarch64-buildroot-linux-gnu-g++.br_real]
  ignore line: [COLLECT_LTO_WRAPPER=/home/alientek/rk3568_linux5.10_sdk/buildroot/output/rockchip_atk_dlrk3568/host/libexec/gcc/aarch64-buildroot-linux-gnu/10.4.0/lto-wrapper]
  ignore line: [Target: aarch64-buildroot-linux-gnu]
  ignore line: [Configured with: ./configure --prefix=/home/alientek/rk3568_linux5.10_sdk/buildroot/output/rockchip_atk_dlrk3568/host --sysconfdir=/home/alientek/rk3568_linux5.10_sdk/buildroot/output/rockchip_atk_dlrk3568/host/etc --enable-static --target=aarch64-buildroot-linux-gnu --with-sysroot=/home/alientek/rk3568_linux5.10_sdk/buildroot/output/rockchip_atk_dlrk3568/host/aarch64-buildroot-linux-gnu/sysroot --enable-__cxa_atexit --with-gnu-ld --disable-libssp --disable-multilib --disable-decimal-float --enable-plugins --enable-lto --with-gmp=/home/alientek/rk3568_linux5.10_sdk/buildroot/output/rockchip_atk_dlrk3568/host --with-mpc=/home/alientek/rk3568_linux5.10_sdk/buildroot/output/rockchip_atk_dlrk3568/host --with-mpfr=/home/alientek/rk3568_linux5.10_sdk/buildroot/output/rockchip_atk_dlrk3568/host --with-pkgversion='Buildroot -g2a024528' --with-bugurl=http://bugs.buildroot.net/ --without-zstd --disable-libquadmath --disable-libquadmath-support --enable-tls --enable-threads --without-isl --without-cloog --with-abi=lp64 --with-cpu=cortex-a55 --enable-languages=c,c++ --with-build-time-tools=/home/alientek/rk3568_linux5.10_sdk/buildroot/output/rockchip_atk_dlrk3568/host/aarch64-buildroot-linux-gnu/bin --enable-shared --disable-libgomp]
  ignore line: [Thread model: posix]
  ignore line: [Supported LTO compression algorithms: zlib]
  ignore line: [gcc version 10.4.0 (Buildroot -g2a024528) ]
  ignore line: [COMPILER_PATH=/home/alientek/rk3568_linux5.10_sdk/buildroot/output/rockchip_atk_dlrk3568/host/libexec/gcc/aarch64-buildroot-linux-gnu/10.4.0/:/home/alientek/rk3568_linux5.10_sdk/buildroot/output/rockchip_atk_dlrk3568/host/libexec/gcc/aarch64-buildroot-linux-gnu/10.4.0/:/home/alientek/rk3568_linux5.10_sdk/buildroot/output/rockchip_atk_dlrk3568/host/libexec/gcc/aarch64-buildroot-linux-gnu/:/home/alientek/rk3568_linux5.10_sdk/buildroot/output/rockchip_atk_dlrk3568/host/lib/gcc/aarch64-buildroot-linux-gnu/10.4.0/:/home/alientek/rk3568_linux5.10_sdk/buildroot/output/rockchip_atk_dlrk3568/host/lib/gcc/aarch64-buildroot-linux-gnu/:/home/alientek/rk3568_linux5.10_sdk/buildroot/output/rockchip_atk_dlrk3568/host/lib/gcc/aarch64-buildroot-linux-gnu/10.4.0/../../../../aarch64-buildroot-linux-gnu/bin/]
  ignore line: [LIBRARY_PATH=/home/alientek/rk3568_linux5.10_sdk/buildroot/output/rockchip_atk_dlrk3568/host/lib/gcc/aarch64-buildroot-linux-gnu/10.4.0/:/home/alientek/rk3568_linux5.10_sdk/buildroot/output/rockchip_atk_dlrk3568/host/lib/gcc/aarch64-buildroot-linux-gnu/10.4.0/../../../../aarch64-buildroot-linux-gnu/lib/../lib64/:/home/alientek/rk3568_linux5.10_sdk/buildroot/output/rockchip_atk_dlrk3568/host/aarch64-buildroot-linux-gnu/sysroot/lib/../lib64/:/home/alientek/rk3568_linux5.10_sdk/buildroot/output/rockchip_atk_dlrk3568/host/aarch64-buildroot-linux-gnu/sysroot/usr/lib/../lib64/:/home/alientek/rk3568_linux5.10_sdk/buildroot/output/rockchip_atk_dlrk3568/host/lib/gcc/aarch64-buildroot-linux-gnu/10.4.0/../../../../aarch64-buildroot-linux-gnu/lib/:/home/alientek/rk3568_linux5.10_sdk/buildroot/output/rockchip_atk_dlrk3568/host/aarch64-buildroot-linux-gnu/sysroot/lib/:/home/alientek/rk3568_linux5.10_sdk/buildroot/output/rockchip_atk_dlrk3568/host/aarch64-buildroot-linux-gnu/sysroot/usr/lib/]
  ignore line: [COLLECT_GCC_OPTIONS='-fstack-protector-strong' '-fPIE' '-pie' '-D' '_LARGEFILE_SOURCE' '-D' '_LARGEFILE64_SOURCE' '-D' '_FILE_OFFSET_BITS=64' '-Os' '-g0' '-D' '_FORTIFY_SOURCE=1' '-D' 'NDEBUG' '-v' '-o' 'cmTC_f42b9' '-shared-libgcc' '-mcpu=cortex-a55' '-mlittle-endian' '-mabi=lp64']
  link line: [ /home/alientek/rk3568_linux5.10_sdk/buildroot/output/rockchip_atk_dlrk3568/host/libexec/gcc/aarch64-buildroot-linux-gnu/10.4.0/collect2 -plugin /home/alientek/rk3568_linux5.10_sdk/buildroot/output/rockchip_atk_dlrk3568/host/libexec/gcc/aarch64-buildroot-linux-gnu/10.4.0/liblto_plugin.so -plugin-opt=/home/alientek/rk3568_linux5.10_sdk/buildroot/output/rockchip_atk_dlrk3568/host/libexec/gcc/aarch64-buildroot-linux-gnu/10.4.0/lto-wrapper -plugin-opt=-fresolution=/tmp/cco71HHP.res -plugin-opt=-pass-through=-lgcc_s -plugin-opt=-pass-through=-lgcc -plugin-opt=-pass-through=-lc -plugin-opt=-pass-through=-lgcc_s -plugin-opt=-pass-through=-lgcc --sysroot=/home/alientek/rk3568_linux5.10_sdk/buildroot/output/rockchip_atk_dlrk3568/host/aarch64-buildroot-linux-gnu/sysroot --eh-frame-hdr -dynamic-linker /lib/ld-linux-aarch64.so.1 -X -EL -maarch64linux -pie -o cmTC_f42b9 /home/alientek/rk3568_linux5.10_sdk/buildroot/output/rockchip_atk_dlrk3568/host/aarch64-buildroot-linux-gnu/sysroot/lib/../lib64/Scrt1.o /home/alientek/rk3568_linux5.10_sdk/buildroot/output/rockchip_atk_dlrk3568/host/aarch64-buildroot-linux-gnu/sysroot/lib/../lib64/crti.o /home/alientek/rk3568_linux5.10_sdk/buildroot/output/rockchip_atk_dlrk3568/host/lib/gcc/aarch64-buildroot-linux-gnu/10.4.0/crtbeginS.o -L/home/alientek/rk3568_linux5.10_sdk/buildroot/output/rockchip_atk_dlrk3568/host/lib/gcc/aarch64-buildroot-linux-gnu/10.4.0 -L/home/alientek/rk3568_linux5.10_sdk/buildroot/output/rockchip_atk_dlrk3568/host/lib/gcc/aarch64-buildroot-linux-gnu/10.4.0/../../../../aarch64-buildroot-linux-gnu/lib/../lib64 -L/home/alientek/rk3568_linux5.10_sdk/buildroot/output/rockchip_atk_dlrk3568/host/aarch64-buildroot-linux-gnu/sysroot/lib/../lib64 -L/home/alientek/rk3568_linux5.10_sdk/buildroot/output/rockchip_atk_dlrk3568/host/aarch64-buildroot-linux-gnu/sysroot/usr/lib/../lib64 -L/home/alientek/rk3568_linux5.10_sdk/buildroot/output/rockchip_atk_dlrk3568/host/lib/gcc/aarch64-buildroot-linux-gnu/10.4.0/../../../../aarch64-buildroot-linux-gnu/lib -L/home/alientek/rk3568_linux5.10_sdk/buildroot/output/rockchip_atk_dlrk3568/host/aarch64-buildroot-linux-gnu/sysroot/lib -L/home/alientek/rk3568_linux5.10_sdk/buildroot/output/rockchip_atk_dlrk3568/host/aarch64-buildroot-linux-gnu/sysroot/usr/lib -z max-page-size=4096 -z common-page-size=4096 -z now -z relro CMakeFiles/cmTC_f42b9.dir/CMakeCXXCompilerABI.cpp.o -lstdc++ -lm -lgcc_s -lgcc -lc -lgcc_s -lgcc /home/alientek/rk3568_linux5.10_sdk/buildroot/output/rockchip_atk_dlrk3568/host/lib/gcc/aarch64-buildroot-linux-gnu/10.4.0/crtendS.o /home/alientek/rk3568_linux5.10_sdk/buildroot/output/rockchip_atk_dlrk3568/host/aarch64-buildroot-linux-gnu/sysroot/lib/../lib64/crtn.o]
    arg [/home/alientek/rk3568_linux5.10_sdk/buildroot/output/rockchip_atk_dlrk3568/host/libexec/gcc/aarch64-buildroot-linux-gnu/10.4.0/collect2] ==> ignore
    arg [-plugin] ==> ignore
    arg [/home/alientek/rk3568_linux5.10_sdk/buildroot/output/rockchip_atk_dlrk3568/host/libexec/gcc/aarch64-buildroot-linux-gnu/10.4.0/liblto_plugin.so] ==> ignore
    arg [-plugin-opt=/home/alientek/rk3568_linux5.10_sdk/buildroot/output/rockchip_atk_dlrk3568/host/libexec/gcc/aarch64-buildroot-linux-gnu/10.4.0/lto-wrapper] ==> ignore
    arg [-plugin-opt=-fresolution=/tmp/cco71HHP.res] ==> ignore
    arg [-plugin-opt=-pass-through=-lgcc_s] ==> ignore
    arg [-plugin-opt=-pass-through=-lgcc] ==> ignore
    arg [-plugin-opt=-pass-through=-lc] ==> ignore
    arg [-plugin-opt=-pass-through=-lgcc_s] ==> ignore
    arg [-plugin-opt=-pass-through=-lgcc] ==> ignore
    arg [--sysroot=/home/alientek/rk3568_linux5.10_sdk/buildroot/output/rockchip_atk_dlrk3568/host/aarch64-buildroot-linux-gnu/sysroot] ==> ignore
    arg [--eh-frame-hdr] ==> ignore
    arg [-dynamic-linker] ==> ignore
    arg [/lib/ld-linux-aarch64.so.1] ==> ignore
    arg [-X] ==> ignore
    arg [-EL] ==> ignore
    arg [-maarch64linux] ==> ignore
    arg [-pie] ==> ignore
    arg [-o] ==> ignore
    arg [cmTC_f42b9] ==> ignore
    arg [/home/alientek/rk3568_linux5.10_sdk/buildroot/output/rockchip_atk_dlrk3568/host/aarch64-buildroot-linux-gnu/sysroot/lib/../lib64/Scrt1.o] ==> ignore
    arg [/home/alientek/rk3568_linux5.10_sdk/buildroot/output/rockchip_atk_dlrk3568/host/aarch64-buildroot-linux-gnu/sysroot/lib/../lib64/crti.o] ==> ignore
    arg [/home/alientek/rk3568_linux5.10_sdk/buildroot/output/rockchip_atk_dlrk3568/host/lib/gcc/aarch64-buildroot-linux-gnu/10.4.0/crtbeginS.o] ==> ignore
    arg [-L/home/alientek/rk3568_linux5.10_sdk/buildroot/output/rockchip_atk_dlrk3568/host/lib/gcc/aarch64-buildroot-linux-gnu/10.4.0] ==> dir [/home/alientek/rk3568_linux5.10_sdk/buildroot/output/rockchip_atk_dlrk3568/host/lib/gcc/aarch64-buildroot-linux-gnu/10.4.0]
    arg [-L/home/alientek/rk3568_linux5.10_sdk/buildroot/output/rockchip_atk_dlrk3568/host/lib/gcc/aarch64-buildroot-linux-gnu/10.4.0/../../../../aarch64-buildroot-linux-gnu/lib/../lib64] ==> dir [/home/alientek/rk3568_linux5.10_sdk/buildroot/output/rockchip_atk_dlrk3568/host/lib/gcc/aarch64-buildroot-linux-gnu/10.4.0/../../../../aarch64-buildroot-linux-gnu/lib/../lib64]
    arg [-L/home/alientek/rk3568_linux5.10_sdk/buildroot/output/rockchip_atk_dlrk3568/host/aarch64-buildroot-linux-gnu/sysroot/lib/../lib64] ==> dir [/home/alientek/rk3568_linux5.10_sdk/buildroot/output/rockchip_atk_dlrk3568/host/aarch64-buildroot-linux-gnu/sysroot/lib/../lib64]
    arg [-L/home/alientek/rk3568_linux5.10_sdk/buildroot/output/rockchip_atk_dlrk3568/host/aarch64-buildroot-linux-gnu/sysroot/usr/lib/../lib64] ==> dir [/home/alientek/rk3568_linux5.10_sdk/buildroot/output/rockchip_atk_dlrk3568/host/aarch64-buildroot-linux-gnu/sysroot/usr/lib/../lib64]
    arg [-L/home/alientek/rk3568_linux5.10_sdk/buildroot/output/rockchip_atk_dlrk3568/host/lib/gcc/aarch64-buildroot-linux-gnu/10.4.0/../../../../aarch64-buildroot-linux-gnu/lib] ==> dir [/home/alientek/rk3568_linux5.10_sdk/buildroot/output/rockchip_atk_dlrk3568/host/lib/gcc/aarch64-buildroot-linux-gnu/10.4.0/../../../../aarch64-buildroot-linux-gnu/lib]
    arg [-L/home/alientek/rk3568_linux5.10_sdk/buildroot/output/rockchip_atk_dlrk3568/host/aarch64-buildroot-linux-gnu/sysroot/lib] ==> dir [/home/alientek/rk3568_linux5.10_sdk/buildroot/output/rockchip_atk_dlrk3568/host/aarch64-buildroot-linux-gnu/sysroot/lib]
    arg [-L/home/alientek/rk3568_linux5.10_sdk/buildroot/output/rockchip_atk_dlrk3568/host/aarch64-buildroot-linux-gnu/sysroot/usr/lib] ==> dir [/home/alientek/rk3568_linux5.10_sdk/buildroot/output/rockchip_atk_dlrk3568/host/aarch64-buildroot-linux-gnu/sysroot/usr/lib]
    arg [-zmax-page-size=4096] ==> ignore
    arg [-zcommon-page-size=4096] ==> ignore
    arg [-znow] ==> ignore
    arg [-zrelro] ==> ignore
    arg [CMakeFiles/cmTC_f42b9.dir/CMakeCXXCompilerABI.cpp.o] ==> ignore
    arg [-lstdc++] ==> lib [stdc++]
    arg [-lm] ==> lib [m]
    arg [-lgcc_s] ==> lib [gcc_s]
    arg [-lgcc] ==> lib [gcc]
    arg [-lc] ==> lib [c]
    arg [-lgcc_s] ==> lib [gcc_s]
    arg [-lgcc] ==> lib [gcc]
    arg [/home/alientek/rk3568_linux5.10_sdk/buildroot/output/rockchip_atk_dlrk3568/host/lib/gcc/aarch64-buildroot-linux-gnu/10.4.0/crtendS.o] ==> ignore
    arg [/home/alientek/rk3568_linux5.10_sdk/buildroot/output/rockchip_atk_dlrk3568/host/aarch64-buildroot-linux-gnu/sysroot/lib/../lib64/crtn.o] ==> ignore
  collapse library dir [/home/alientek/rk3568_linux5.10_sdk/buildroot/output/rockchip_atk_dlrk3568/host/lib/gcc/aarch64-buildroot-linux-gnu/10.4.0] ==> [/home/alientek/rk3568_linux5.10_sdk/buildroot/output/rockchip_atk_dlrk3568/host/lib/gcc/aarch64-buildroot-linux-gnu/10.4.0]
  collapse library dir [/home/alientek/rk3568_linux5.10_sdk/buildroot/output/rockchip_atk_dlrk3568/host/lib/gcc/aarch64-buildroot-linux-gnu/10.4.0/../../../../aarch64-buildroot-linux-gnu/lib/../lib64] ==> [/home/alientek/rk3568_linux5.10_sdk/buildroot/output/rockchip_atk_dlrk3568/host/aarch64-buildroot-linux-gnu/lib64]
  collapse library dir [/home/alientek/rk3568_linux5.10_sdk/buildroot/output/rockchip_atk_dlrk3568/host/aarch64-buildroot-linux-gnu/sysroot/lib/../lib64] ==> [/home/alientek/rk3568_linux5.10_sdk/buildroot/output/rockchip_atk_dlrk3568/host/aarch64-buildroot-linux-gnu/sysroot/lib64]
  collapse library dir [/home/alientek/rk3568_linux5.10_sdk/buildroot/output/rockchip_atk_dlrk3568/host/aarch64-buildroot-linux-gnu/sysroot/usr/lib/../lib64] ==> [/home/alientek/rk3568_linux5.10_sdk/buildroot/output/rockchip_atk_dlrk3568/host/aarch64-buildroot-linux-gnu/sysroot/usr/lib64]
  collapse library dir [/home/alientek/rk3568_linux5.10_sdk/buildroot/output/rockchip_atk_dlrk3568/host/lib/gcc/aarch64-buildroot-linux-gnu/10.4.0/../../../../aarch64-buildroot-linux-gnu/lib] ==> [/home/alientek/rk3568_linux5.10_sdk/buildroot/output/rockchip_atk_dlrk3568/host/aarch64-buildroot-linux-gnu/lib]
  collapse library dir [/home/alientek/rk3568_linux5.10_sdk/buildroot/output/rockchip_atk_dlrk3568/host/aarch64-buildroot-linux-gnu/sysroot/lib] ==> [/home/alientek/rk3568_linux5.10_sdk/buildroot/output/rockchip_atk_dlrk3568/host/aarch64-buildroot-linux-gnu/sysroot/lib]
  collapse library dir [/home/alientek/rk3568_linux5.10_sdk/buildroot/output/rockchip_atk_dlrk3568/host/aarch64-buildroot-linux-gnu/sysroot/usr/lib] ==> [/home/alientek/rk3568_linux5.10_sdk/buildroot/output/rockchip_atk_dlrk3568/host/aarch64-buildroot-linux-gnu/sysroot/usr/lib]
  implicit libs: [stdc++;m;gcc_s;gcc;c;gcc_s;gcc]
  implicit dirs: [/home/alientek/rk3568_linux5.10_sdk/buildroot/output/rockchip_atk_dlrk3568/host/lib/gcc/aarch64-buildroot-linux-gnu/10.4.0;/home/alientek/rk3568_linux5.10_sdk/buildroot/output/rockchip_atk_dlrk3568/host/aarch64-buildroot-linux-gnu/lib64;/home/alientek/rk3568_linux5.10_sdk/buildroot/output/rockchip_atk_dlrk3568/host/aarch64-buildroot-linux-gnu/sysroot/lib64;/home/alientek/rk3568_linux5.10_sdk/buildroot/output/rockchip_atk_dlrk3568/host/aarch64-buildroot-linux-gnu/sysroot/usr/lib64;/home/alientek/rk3568_linux5.10_sdk/buildroot/output/rockchip_atk_dlrk3568/host/aarch64-buildroot-linux-gnu/lib;/home/alientek/rk3568_linux5.10_sdk/buildroot/output/rockchip_atk_dlrk3568/host/aarch64-buildroot-linux-gnu/sysroot/lib;/home/alientek/rk3568_linux5.10_sdk/buildroot/output/rockchip_atk_dlrk3568/host/aarch64-buildroot-linux-gnu/sysroot/usr/lib]
  implicit fwks: []


